CRITICAL - 2022-04-03 00:21:55 --> Invalid file: index.php
#0 C:\laragon\www\ci4\system\View\View.php(198): CodeIgniter\Exceptions\FrameworkException::forInvalidFile('index.php')
#1 C:\laragon\www\ci4\system\Common.php(1089): CodeIgniter\View\View->render('index', Array, true)
#2 C:\laragon\www\ci4\app\Controllers\Home.php(9): view('index')
#3 C:\laragon\www\ci4\system\CodeIgniter.php(832): App\Controllers\Home->index()
#4 C:\laragon\www\ci4\system\CodeIgniter.php(419): CodeIgniter\CodeIgniter->runController(Object(App\Controllers\Home))
#5 C:\laragon\www\ci4\system\CodeIgniter.php(326): CodeIgniter\CodeIgniter->handleRequest(NULL, Object(Config\Cache), false)
#6 C:\laragon\www\ci4\public\index.php(37): CodeIgniter\CodeIgniter->run()
#7 C:\laragon\www\ci4\system\Commands\Server\rewrite.php(43): require_once('C:\\laragon\\www\\...')
#8 {main}
CRITICAL - 2022-04-03 00:22:02 --> Invalid file: index.php
#0 C:\laragon\www\ci4\system\View\View.php(198): CodeIgniter\Exceptions\FrameworkException::forInvalidFile('index.php')
#1 C:\laragon\www\ci4\system\Common.php(1089): CodeIgniter\View\View->render('index', Array, true)
#2 C:\laragon\www\ci4\app\Controllers\Home.php(9): view('index')
#3 C:\laragon\www\ci4\system\CodeIgniter.php(832): App\Controllers\Home->index()
#4 C:\laragon\www\ci4\system\CodeIgniter.php(419): CodeIgniter\CodeIgniter->runController(Object(App\Controllers\Home))
#5 C:\laragon\www\ci4\system\CodeIgniter.php(326): CodeIgniter\CodeIgniter->handleRequest(NULL, Object(Config\Cache), false)
#6 C:\laragon\www\ci4\public\index.php(37): CodeIgniter\CodeIgniter->run()
#7 C:\laragon\www\ci4\system\Commands\Server\rewrite.php(43): require_once('C:\\laragon\\www\\...')
#8 {main}
CRITICAL - 2022-04-03 01:58:16 --> Undefined variable: porto
#0 C:\laragon\www\ci4\app\Views\template.php(90): CodeIgniter\Debug\Exceptions->errorHandler(8, 'Undefined varia...', 'C:\\laragon\\www\\...', 90, Array)
#1 C:\laragon\www\ci4\system\View\View.php(210): include('C:\\laragon\\www\\...')
#2 C:\laragon\www\ci4\system\View\View.php(213): CodeIgniter\View\View->CodeIgniter\View\{closure}()
#3 C:\laragon\www\ci4\system\Common.php(1089): CodeIgniter\View\View->render('template', Array, true)
#4 C:\laragon\www\ci4\app\Controllers\Home.php(9): view('template')
#5 C:\laragon\www\ci4\system\CodeIgniter.php(832): App\Controllers\Home->index()
#6 C:\laragon\www\ci4\system\CodeIgniter.php(419): CodeIgniter\CodeIgniter->runController(Object(App\Controllers\Home))
#7 C:\laragon\www\ci4\system\CodeIgniter.php(326): CodeIgniter\CodeIgniter->handleRequest(NULL, Object(Config\Cache), false)
#8 C:\laragon\www\ci4\public\index.php(37): CodeIgniter\CodeIgniter->run()
#9 C:\laragon\www\ci4\system\Commands\Server\rewrite.php(43): require_once('C:\\laragon\\www\\...')
#10 {main}
CRITICAL - 2022-04-03 01:58:47 --> syntax error, unexpected 'endforeach' (T_ENDFOREACH), expecting end of file
#0 C:\laragon\www\ci4\system\View\View.php(213): CodeIgniter\View\View->CodeIgniter\View\{closure}()
#1 C:\laragon\www\ci4\system\Common.php(1089): CodeIgniter\View\View->render('template', Array, true)
#2 C:\laragon\www\ci4\app\Controllers\Home.php(9): view('template')
#3 C:\laragon\www\ci4\system\CodeIgniter.php(832): App\Controllers\Home->index()
#4 C:\laragon\www\ci4\system\CodeIgniter.php(419): CodeIgniter\CodeIgniter->runController(Object(App\Controllers\Home))
#5 C:\laragon\www\ci4\system\CodeIgniter.php(326): CodeIgniter\CodeIgniter->handleRequest(NULL, Object(Config\Cache), false)
#6 C:\laragon\www\ci4\public\index.php(37): CodeIgniter\CodeIgniter->run()
#7 C:\laragon\www\ci4\system\Commands\Server\rewrite.php(43): require_once('C:\\laragon\\www\\...')
#8 {main}
CRITICAL - 2022-04-03 01:59:34 --> Class 'App\Models\PortoModel' not found
#0 C:\laragon\www\ci4\system\CodeIgniter.php(809): App\Controllers\Home->__construct()
#1 C:\laragon\www\ci4\system\CodeIgniter.php(410): CodeIgniter\CodeIgniter->createController()
#2 C:\laragon\www\ci4\system\CodeIgniter.php(326): CodeIgniter\CodeIgniter->handleRequest(NULL, Object(Config\Cache), false)
#3 C:\laragon\www\ci4\public\index.php(37): CodeIgniter\CodeIgniter->run()
#4 C:\laragon\www\ci4\system\Commands\Server\rewrite.php(43): require_once('C:\\laragon\\www\\...')
#5 {main}
CRITICAL - 2022-04-03 01:59:35 --> Class 'App\Models\PortoModel' not found
#0 C:\laragon\www\ci4\system\CodeIgniter.php(809): App\Controllers\Home->__construct()
#1 C:\laragon\www\ci4\system\CodeIgniter.php(410): CodeIgniter\CodeIgniter->createController()
#2 C:\laragon\www\ci4\system\CodeIgniter.php(326): CodeIgniter\CodeIgniter->handleRequest(NULL, Object(Config\Cache), false)
#3 C:\laragon\www\ci4\public\index.php(37): CodeIgniter\CodeIgniter->run()
#4 C:\laragon\www\ci4\system\Commands\Server\rewrite.php(43): require_once('C:\\laragon\\www\\...')
#5 {main}
CRITICAL - 2022-04-03 02:00:27 --> Class 'App\Models\PortoModel' not found
#0 C:\laragon\www\ci4\system\CodeIgniter.php(809): App\Controllers\Home->__construct()
#1 C:\laragon\www\ci4\system\CodeIgniter.php(410): CodeIgniter\CodeIgniter->createController()
#2 C:\laragon\www\ci4\system\CodeIgniter.php(326): CodeIgniter\CodeIgniter->handleRequest(NULL, Object(Config\Cache), false)
#3 C:\laragon\www\ci4\public\index.php(37): CodeIgniter\CodeIgniter->run()
#4 C:\laragon\www\ci4\system\Commands\Server\rewrite.php(43): require_once('C:\\laragon\\www\\...')
#5 {main}
CRITICAL - 2022-04-03 02:00:28 --> Class 'App\Models\PortoModel' not found
#0 C:\laragon\www\ci4\system\CodeIgniter.php(809): App\Controllers\Home->__construct()
#1 C:\laragon\www\ci4\system\CodeIgniter.php(410): CodeIgniter\CodeIgniter->createController()
#2 C:\laragon\www\ci4\system\CodeIgniter.php(326): CodeIgniter\CodeIgniter->handleRequest(NULL, Object(Config\Cache), false)
#3 C:\laragon\www\ci4\public\index.php(37): CodeIgniter\CodeIgniter->run()
#4 C:\laragon\www\ci4\system\Commands\Server\rewrite.php(43): require_once('C:\\laragon\\www\\...')
#5 {main}
CRITICAL - 2022-04-03 02:00:29 --> Class 'App\Models\PortoModel' not found
#0 C:\laragon\www\ci4\system\CodeIgniter.php(809): App\Controllers\Home->__construct()
#1 C:\laragon\www\ci4\system\CodeIgniter.php(410): CodeIgniter\CodeIgniter->createController()
#2 C:\laragon\www\ci4\system\CodeIgniter.php(326): CodeIgniter\CodeIgniter->handleRequest(NULL, Object(Config\Cache), false)
#3 C:\laragon\www\ci4\public\index.php(37): CodeIgniter\CodeIgniter->run()
#4 C:\laragon\www\ci4\system\Commands\Server\rewrite.php(43): require_once('C:\\laragon\\www\\...')
#5 {main}
CRITICAL - 2022-04-03 02:00:36 --> Class 'App\Models\PortoModel' not found
#0 C:\laragon\www\ci4\system\CodeIgniter.php(809): App\Controllers\Home->__construct()
#1 C:\laragon\www\ci4\system\CodeIgniter.php(410): CodeIgniter\CodeIgniter->createController()
#2 C:\laragon\www\ci4\system\CodeIgniter.php(326): CodeIgniter\CodeIgniter->handleRequest(NULL, Object(Config\Cache), false)
#3 C:\laragon\www\ci4\public\index.php(37): CodeIgniter\CodeIgniter->run()
#4 C:\laragon\www\ci4\system\Commands\Server\rewrite.php(43): require_once('C:\\laragon\\www\\...')
#5 {main}
CRITICAL - 2022-04-03 02:00:36 --> Class 'App\Models\PortoModel' not found
#0 C:\laragon\www\ci4\system\CodeIgniter.php(809): App\Controllers\Home->__construct()
#1 C:\laragon\www\ci4\system\CodeIgniter.php(410): CodeIgniter\CodeIgniter->createController()
#2 C:\laragon\www\ci4\system\CodeIgniter.php(326): CodeIgniter\CodeIgniter->handleRequest(NULL, Object(Config\Cache), false)
#3 C:\laragon\www\ci4\public\index.php(37): CodeIgniter\CodeIgniter->run()
#4 C:\laragon\www\ci4\system\Commands\Server\rewrite.php(43): require_once('C:\\laragon\\www\\...')
#5 {main}
ERROR - 2022-04-03 02:02:49 --> Error connecting to the database: Unknown database 'ci4'
CRITICAL - 2022-04-03 02:02:49 --> Unable to connect to the database.
Main connection [MySQLi]: Unknown database 'ci4'
#0 C:\laragon\www\ci4\system\Database\BaseConnection.php(577): CodeIgniter\Database\BaseConnection->initialize()
#1 C:\laragon\www\ci4\system\Database\BaseBuilder.php(1455): CodeIgniter\Database\BaseConnection->query('SELECT *\nFROM `...', Array, false)
#2 C:\laragon\www\ci4\system\Model.php(183): CodeIgniter\Database\BaseBuilder->get()
#3 C:\laragon\www\ci4\system\BaseModel.php(584): CodeIgniter\Model->doFindAll(0, 0)
#4 C:\laragon\www\ci4\app\Controllers\Home.php(15): CodeIgniter\BaseModel->findAll()
#5 C:\laragon\www\ci4\system\CodeIgniter.php(832): App\Controllers\Home->index()
#6 C:\laragon\www\ci4\system\CodeIgniter.php(419): CodeIgniter\CodeIgniter->runController(Object(App\Controllers\Home))
#7 C:\laragon\www\ci4\system\CodeIgniter.php(326): CodeIgniter\CodeIgniter->handleRequest(NULL, Object(Config\Cache), false)
#8 C:\laragon\www\ci4\public\index.php(37): CodeIgniter\CodeIgniter->run()
#9 C:\laragon\www\ci4\system\Commands\Server\rewrite.php(43): require_once('C:\\laragon\\www\\...')
#10 {main}
ERROR - 2022-04-03 02:03:36 --> Error connecting to the database: Unknown database 'ci4'
CRITICAL - 2022-04-03 02:03:36 --> Unable to connect to the database.
Main connection [MySQLi]: Unknown database 'ci4'
#0 C:\laragon\www\ci4\system\Database\BaseConnection.php(577): CodeIgniter\Database\BaseConnection->initialize()
#1 C:\laragon\www\ci4\system\Database\BaseBuilder.php(1455): CodeIgniter\Database\BaseConnection->query('SELECT *\nFROM `...', Array, false)
#2 C:\laragon\www\ci4\system\Model.php(183): CodeIgniter\Database\BaseBuilder->get()
#3 C:\laragon\www\ci4\system\BaseModel.php(584): CodeIgniter\Model->doFindAll(0, 0)
#4 C:\laragon\www\ci4\app\Controllers\Home.php(15): CodeIgniter\BaseModel->findAll()
#5 C:\laragon\www\ci4\system\CodeIgniter.php(832): App\Controllers\Home->index()
#6 C:\laragon\www\ci4\system\CodeIgniter.php(419): CodeIgniter\CodeIgniter->runController(Object(App\Controllers\Home))
#7 C:\laragon\www\ci4\system\CodeIgniter.php(326): CodeIgniter\CodeIgniter->handleRequest(NULL, Object(Config\Cache), false)
#8 C:\laragon\www\ci4\public\index.php(37): CodeIgniter\CodeIgniter->run()
#9 C:\laragon\www\ci4\system\Commands\Server\rewrite.php(43): require_once('C:\\laragon\\www\\...')
#10 {main}
ERROR - 2022-04-03 02:03:37 --> Error connecting to the database: Unknown database 'ci4'
CRITICAL - 2022-04-03 02:03:37 --> Unable to connect to the database.
Main connection [MySQLi]: Unknown database 'ci4'
#0 C:\laragon\www\ci4\system\Database\BaseConnection.php(577): CodeIgniter\Database\BaseConnection->initialize()
#1 C:\laragon\www\ci4\system\Database\BaseBuilder.php(1455): CodeIgniter\Database\BaseConnection->query('SELECT *\nFROM `...', Array, false)
#2 C:\laragon\www\ci4\system\Model.php(183): CodeIgniter\Database\BaseBuilder->get()
#3 C:\laragon\www\ci4\system\BaseModel.php(584): CodeIgniter\Model->doFindAll(0, 0)
#4 C:\laragon\www\ci4\app\Controllers\Home.php(15): CodeIgniter\BaseModel->findAll()
#5 C:\laragon\www\ci4\system\CodeIgniter.php(832): App\Controllers\Home->index()
#6 C:\laragon\www\ci4\system\CodeIgniter.php(419): CodeIgniter\CodeIgniter->runController(Object(App\Controllers\Home))
#7 C:\laragon\www\ci4\system\CodeIgniter.php(326): CodeIgniter\CodeIgniter->handleRequest(NULL, Object(Config\Cache), false)
#8 C:\laragon\www\ci4\public\index.php(37): CodeIgniter\CodeIgniter->run()
#9 C:\laragon\www\ci4\system\Commands\Server\rewrite.php(43): require_once('C:\\laragon\\www\\...')
#10 {main}
ERROR - 2022-04-03 02:04:28 --> Error connecting to the database: Unknown database 'ci4'
CRITICAL - 2022-04-03 02:04:28 --> Unable to connect to the database.
Main connection [MySQLi]: Unknown database 'ci4'
#0 C:\laragon\www\ci4\system\Database\BaseConnection.php(577): CodeIgniter\Database\BaseConnection->initialize()
#1 C:\laragon\www\ci4\system\Database\BaseBuilder.php(1455): CodeIgniter\Database\BaseConnection->query('SELECT *\nFROM `...', Array, false)
#2 C:\laragon\www\ci4\system\Model.php(183): CodeIgniter\Database\BaseBuilder->get()
#3 C:\laragon\www\ci4\system\BaseModel.php(584): CodeIgniter\Model->doFindAll(0, 0)
#4 C:\laragon\www\ci4\app\Controllers\Home.php(15): CodeIgniter\BaseModel->findAll()
#5 C:\laragon\www\ci4\system\CodeIgniter.php(832): App\Controllers\Home->index()
#6 C:\laragon\www\ci4\system\CodeIgniter.php(419): CodeIgniter\CodeIgniter->runController(Object(App\Controllers\Home))
#7 C:\laragon\www\ci4\system\CodeIgniter.php(326): CodeIgniter\CodeIgniter->handleRequest(NULL, Object(Config\Cache), false)
#8 C:\laragon\www\ci4\public\index.php(37): CodeIgniter\CodeIgniter->run()
#9 C:\laragon\www\ci4\system\Commands\Server\rewrite.php(43): require_once('C:\\laragon\\www\\...')
#10 {main}
ERROR - 2022-04-03 02:04:29 --> Error connecting to the database: Unknown database 'ci4'
CRITICAL - 2022-04-03 02:04:29 --> Unable to connect to the database.
Main connection [MySQLi]: Unknown database 'ci4'
#0 C:\laragon\www\ci4\system\Database\BaseConnection.php(577): CodeIgniter\Database\BaseConnection->initialize()
#1 C:\laragon\www\ci4\system\Database\BaseBuilder.php(1455): CodeIgniter\Database\BaseConnection->query('SELECT *\nFROM `...', Array, false)
#2 C:\laragon\www\ci4\system\Model.php(183): CodeIgniter\Database\BaseBuilder->get()
#3 C:\laragon\www\ci4\system\BaseModel.php(584): CodeIgniter\Model->doFindAll(0, 0)
#4 C:\laragon\www\ci4\app\Controllers\Home.php(15): CodeIgniter\BaseModel->findAll()
#5 C:\laragon\www\ci4\system\CodeIgniter.php(832): App\Controllers\Home->index()
#6 C:\laragon\www\ci4\system\CodeIgniter.php(419): CodeIgniter\CodeIgniter->runController(Object(App\Controllers\Home))
#7 C:\laragon\www\ci4\system\CodeIgniter.php(326): CodeIgniter\CodeIgniter->handleRequest(NULL, Object(Config\Cache), false)
#8 C:\laragon\www\ci4\public\index.php(37): CodeIgniter\CodeIgniter->run()
#9 C:\laragon\www\ci4\system\Commands\Server\rewrite.php(43): require_once('C:\\laragon\\www\\...')
#10 {main}
ERROR - 2022-04-03 02:04:30 --> Error connecting to the database: Unknown database 'ci4'
CRITICAL - 2022-04-03 02:04:30 --> Unable to connect to the database.
Main connection [MySQLi]: Unknown database 'ci4'
#0 C:\laragon\www\ci4\system\Database\BaseConnection.php(577): CodeIgniter\Database\BaseConnection->initialize()
#1 C:\laragon\www\ci4\system\Database\BaseBuilder.php(1455): CodeIgniter\Database\BaseConnection->query('SELECT *\nFROM `...', Array, false)
#2 C:\laragon\www\ci4\system\Model.php(183): CodeIgniter\Database\BaseBuilder->get()
#3 C:\laragon\www\ci4\system\BaseModel.php(584): CodeIgniter\Model->doFindAll(0, 0)
#4 C:\laragon\www\ci4\app\Controllers\Home.php(15): CodeIgniter\BaseModel->findAll()
#5 C:\laragon\www\ci4\system\CodeIgniter.php(832): App\Controllers\Home->index()
#6 C:\laragon\www\ci4\system\CodeIgniter.php(419): CodeIgniter\CodeIgniter->runController(Object(App\Controllers\Home))
#7 C:\laragon\www\ci4\system\CodeIgniter.php(326): CodeIgniter\CodeIgniter->handleRequest(NULL, Object(Config\Cache), false)
#8 C:\laragon\www\ci4\public\index.php(37): CodeIgniter\CodeIgniter->run()
#9 C:\laragon\www\ci4\system\Commands\Server\rewrite.php(43): require_once('C:\\laragon\\www\\...')
#10 {main}
ERROR - 2022-04-03 02:05:03 --> Error connecting to the database: Unknown database 'ci4'
CRITICAL - 2022-04-03 02:05:03 --> Unable to connect to the database.
Main connection [MySQLi]: Unknown database 'ci4'
#0 C:\laragon\www\ci4\system\Database\BaseConnection.php(577): CodeIgniter\Database\BaseConnection->initialize()
#1 C:\laragon\www\ci4\system\Database\BaseBuilder.php(1455): CodeIgniter\Database\BaseConnection->query('SELECT *\nFROM `...', Array, false)
#2 C:\laragon\www\ci4\system\Model.php(183): CodeIgniter\Database\BaseBuilder->get()
#3 C:\laragon\www\ci4\system\BaseModel.php(584): CodeIgniter\Model->doFindAll(0, 0)
#4 C:\laragon\www\ci4\app\Controllers\Home.php(15): CodeIgniter\BaseModel->findAll()
#5 C:\laragon\www\ci4\system\CodeIgniter.php(832): App\Controllers\Home->index()
#6 C:\laragon\www\ci4\system\CodeIgniter.php(419): CodeIgniter\CodeIgniter->runController(Object(App\Controllers\Home))
#7 C:\laragon\www\ci4\system\CodeIgniter.php(326): CodeIgniter\CodeIgniter->handleRequest(NULL, Object(Config\Cache), false)
#8 C:\laragon\www\ci4\public\index.php(37): CodeIgniter\CodeIgniter->run()
#9 C:\laragon\www\ci4\system\Commands\Server\rewrite.php(43): require_once('C:\\laragon\\www\\...')
#10 {main}
ERROR - 2022-04-03 02:05:40 --> Error connecting to the database: Unknown database 'ci4'
CRITICAL - 2022-04-03 02:05:40 --> Unable to connect to the database.
Main connection [MySQLi]: Unknown database 'ci4'
#0 C:\laragon\www\ci4\system\Database\BaseConnection.php(577): CodeIgniter\Database\BaseConnection->initialize()
#1 C:\laragon\www\ci4\system\Database\BaseBuilder.php(1455): CodeIgniter\Database\BaseConnection->query('SELECT *\nFROM `...', Array, false)
#2 C:\laragon\www\ci4\system\Model.php(183): CodeIgniter\Database\BaseBuilder->get()
#3 C:\laragon\www\ci4\system\BaseModel.php(584): CodeIgniter\Model->doFindAll(0, 0)
#4 C:\laragon\www\ci4\app\Controllers\Home.php(15): CodeIgniter\BaseModel->findAll()
#5 C:\laragon\www\ci4\system\CodeIgniter.php(832): App\Controllers\Home->index()
#6 C:\laragon\www\ci4\system\CodeIgniter.php(419): CodeIgniter\CodeIgniter->runController(Object(App\Controllers\Home))
#7 C:\laragon\www\ci4\system\CodeIgniter.php(326): CodeIgniter\CodeIgniter->handleRequest(NULL, Object(Config\Cache), false)
#8 C:\laragon\www\ci4\public\index.php(37): CodeIgniter\CodeIgniter->run()
#9 C:\laragon\www\ci4\system\Commands\Server\rewrite.php(43): require_once('C:\\laragon\\www\\...')
#10 {main}
ERROR - 2022-04-03 02:05:41 --> Error connecting to the database: Unknown database 'ci4'
CRITICAL - 2022-04-03 02:05:41 --> Unable to connect to the database.
Main connection [MySQLi]: Unknown database 'ci4'
#0 C:\laragon\www\ci4\system\Database\BaseConnection.php(577): CodeIgniter\Database\BaseConnection->initialize()
#1 C:\laragon\www\ci4\system\Database\BaseBuilder.php(1455): CodeIgniter\Database\BaseConnection->query('SELECT *\nFROM `...', Array, false)
#2 C:\laragon\www\ci4\system\Model.php(183): CodeIgniter\Database\BaseBuilder->get()
#3 C:\laragon\www\ci4\system\BaseModel.php(584): CodeIgniter\Model->doFindAll(0, 0)
#4 C:\laragon\www\ci4\app\Controllers\Home.php(15): CodeIgniter\BaseModel->findAll()
#5 C:\laragon\www\ci4\system\CodeIgniter.php(832): App\Controllers\Home->index()
#6 C:\laragon\www\ci4\system\CodeIgniter.php(419): CodeIgniter\CodeIgniter->runController(Object(App\Controllers\Home))
#7 C:\laragon\www\ci4\system\CodeIgniter.php(326): CodeIgniter\CodeIgniter->handleRequest(NULL, Object(Config\Cache), false)
#8 C:\laragon\www\ci4\public\index.php(37): CodeIgniter\CodeIgniter->run()
#9 C:\laragon\www\ci4\system\Commands\Server\rewrite.php(43): require_once('C:\\laragon\\www\\...')
#10 {main}
ERROR - 2022-04-03 02:06:14 --> Error connecting to the database: Unknown database 'ci4'
CRITICAL - 2022-04-03 02:06:14 --> Unable to connect to the database.
Main connection [MySQLi]: Unknown database 'ci4'
#0 C:\laragon\www\ci4\system\Database\BaseConnection.php(577): CodeIgniter\Database\BaseConnection->initialize()
#1 C:\laragon\www\ci4\system\Database\BaseBuilder.php(1455): CodeIgniter\Database\BaseConnection->query('SELECT *\nFROM `...', Array, false)
#2 C:\laragon\www\ci4\system\Model.php(183): CodeIgniter\Database\BaseBuilder->get()
#3 C:\laragon\www\ci4\system\BaseModel.php(584): CodeIgniter\Model->doFindAll(0, 0)
#4 C:\laragon\www\ci4\app\Controllers\Home.php(15): CodeIgniter\BaseModel->findAll()
#5 C:\laragon\www\ci4\system\CodeIgniter.php(832): App\Controllers\Home->index()
#6 C:\laragon\www\ci4\system\CodeIgniter.php(419): CodeIgniter\CodeIgniter->runController(Object(App\Controllers\Home))
#7 C:\laragon\www\ci4\system\CodeIgniter.php(326): CodeIgniter\CodeIgniter->handleRequest(NULL, Object(Config\Cache), false)
#8 C:\laragon\www\ci4\public\index.php(37): CodeIgniter\CodeIgniter->run()
#9 C:\laragon\www\ci4\system\Commands\Server\rewrite.php(43): require_once('C:\\laragon\\www\\...')
#10 {main}
ERROR - 2022-04-03 02:06:15 --> Error connecting to the database: Unknown database 'ci4'
CRITICAL - 2022-04-03 02:06:15 --> Unable to connect to the database.
Main connection [MySQLi]: Unknown database 'ci4'
#0 C:\laragon\www\ci4\system\Database\BaseConnection.php(577): CodeIgniter\Database\BaseConnection->initialize()
#1 C:\laragon\www\ci4\system\Database\BaseBuilder.php(1455): CodeIgniter\Database\BaseConnection->query('SELECT *\nFROM `...', Array, false)
#2 C:\laragon\www\ci4\system\Model.php(183): CodeIgniter\Database\BaseBuilder->get()
#3 C:\laragon\www\ci4\system\BaseModel.php(584): CodeIgniter\Model->doFindAll(0, 0)
#4 C:\laragon\www\ci4\app\Controllers\Home.php(15): CodeIgniter\BaseModel->findAll()
#5 C:\laragon\www\ci4\system\CodeIgniter.php(832): App\Controllers\Home->index()
#6 C:\laragon\www\ci4\system\CodeIgniter.php(419): CodeIgniter\CodeIgniter->runController(Object(App\Controllers\Home))
#7 C:\laragon\www\ci4\system\CodeIgniter.php(326): CodeIgniter\CodeIgniter->handleRequest(NULL, Object(Config\Cache), false)
#8 C:\laragon\www\ci4\public\index.php(37): CodeIgniter\CodeIgniter->run()
#9 C:\laragon\www\ci4\system\Commands\Server\rewrite.php(43): require_once('C:\\laragon\\www\\...')
#10 {main}
ERROR - 2022-04-03 02:06:51 --> Error connecting to the database: Unknown database 'ci4'
CRITICAL - 2022-04-03 02:06:51 --> Unable to connect to the database.
Main connection [MySQLi]: Unknown database 'ci4'
#0 C:\laragon\www\ci4\system\Database\BaseConnection.php(577): CodeIgniter\Database\BaseConnection->initialize()
#1 C:\laragon\www\ci4\system\Database\BaseBuilder.php(1455): CodeIgniter\Database\BaseConnection->query('SELECT *\nFROM `...', Array, false)
#2 C:\laragon\www\ci4\system\Model.php(183): CodeIgniter\Database\BaseBuilder->get()
#3 C:\laragon\www\ci4\system\BaseModel.php(584): CodeIgniter\Model->doFindAll(0, 0)
#4 C:\laragon\www\ci4\app\Controllers\Home.php(15): CodeIgniter\BaseModel->findAll()
#5 C:\laragon\www\ci4\system\CodeIgniter.php(832): App\Controllers\Home->index()
#6 C:\laragon\www\ci4\system\CodeIgniter.php(419): CodeIgniter\CodeIgniter->runController(Object(App\Controllers\Home))
#7 C:\laragon\www\ci4\system\CodeIgniter.php(326): CodeIgniter\CodeIgniter->handleRequest(NULL, Object(Config\Cache), false)
#8 C:\laragon\www\ci4\public\index.php(37): CodeIgniter\CodeIgniter->run()
#9 C:\laragon\www\ci4\system\Commands\Server\rewrite.php(43): require_once('C:\\laragon\\www\\...')
#10 {main}
ERROR - 2022-04-03 02:07:44 --> Error connecting to the database: Unknown database 'ci4'
CRITICAL - 2022-04-03 02:07:44 --> Unable to connect to the database.
Main connection [MySQLi]: Unknown database 'ci4'
#0 C:\laragon\www\ci4\system\Database\BaseConnection.php(577): CodeIgniter\Database\BaseConnection->initialize()
#1 C:\laragon\www\ci4\system\Database\BaseBuilder.php(1455): CodeIgniter\Database\BaseConnection->query('SELECT *\nFROM `...', Array, false)
#2 C:\laragon\www\ci4\system\Model.php(183): CodeIgniter\Database\BaseBuilder->get()
#3 C:\laragon\www\ci4\system\BaseModel.php(584): CodeIgniter\Model->doFindAll(0, 0)
#4 C:\laragon\www\ci4\app\Controllers\Home.php(15): CodeIgniter\BaseModel->findAll()
#5 C:\laragon\www\ci4\system\CodeIgniter.php(832): App\Controllers\Home->index()
#6 C:\laragon\www\ci4\system\CodeIgniter.php(419): CodeIgniter\CodeIgniter->runController(Object(App\Controllers\Home))
#7 C:\laragon\www\ci4\system\CodeIgniter.php(326): CodeIgniter\CodeIgniter->handleRequest(NULL, Object(Config\Cache), false)
#8 C:\laragon\www\ci4\public\index.php(37): CodeIgniter\CodeIgniter->run()
#9 C:\laragon\www\ci4\system\Commands\Server\rewrite.php(43): require_once('C:\\laragon\\www\\...')
#10 {main}
ERROR - 2022-04-03 02:07:44 --> Error connecting to the database: Unknown database 'ci4'
CRITICAL - 2022-04-03 02:07:44 --> Unable to connect to the database.
Main connection [MySQLi]: Unknown database 'ci4'
#0 C:\laragon\www\ci4\system\Database\BaseConnection.php(577): CodeIgniter\Database\BaseConnection->initialize()
#1 C:\laragon\www\ci4\system\Database\BaseBuilder.php(1455): CodeIgniter\Database\BaseConnection->query('SELECT *\nFROM `...', Array, false)
#2 C:\laragon\www\ci4\system\Model.php(183): CodeIgniter\Database\BaseBuilder->get()
#3 C:\laragon\www\ci4\system\BaseModel.php(584): CodeIgniter\Model->doFindAll(0, 0)
#4 C:\laragon\www\ci4\app\Controllers\Home.php(15): CodeIgniter\BaseModel->findAll()
#5 C:\laragon\www\ci4\system\CodeIgniter.php(832): App\Controllers\Home->index()
#6 C:\laragon\www\ci4\system\CodeIgniter.php(419): CodeIgniter\CodeIgniter->runController(Object(App\Controllers\Home))
#7 C:\laragon\www\ci4\system\CodeIgniter.php(326): CodeIgniter\CodeIgniter->handleRequest(NULL, Object(Config\Cache), false)
#8 C:\laragon\www\ci4\public\index.php(37): CodeIgniter\CodeIgniter->run()
#9 C:\laragon\www\ci4\system\Commands\Server\rewrite.php(43): require_once('C:\\laragon\\www\\...')
#10 {main}
CRITICAL - 2022-04-03 02:10:45 --> Class 'app\Models\PortoModel' not found
#0 C:\laragon\www\ci4\system\CodeIgniter.php(809): App\Controllers\Home->__construct()
#1 C:\laragon\www\ci4\system\CodeIgniter.php(410): CodeIgniter\CodeIgniter->createController()
#2 C:\laragon\www\ci4\system\CodeIgniter.php(326): CodeIgniter\CodeIgniter->handleRequest(NULL, Object(Config\Cache), false)
#3 C:\laragon\www\ci4\public\index.php(37): CodeIgniter\CodeIgniter->run()
#4 C:\laragon\www\ci4\system\Commands\Server\rewrite.php(43): require_once('C:\\laragon\\www\\...')
#5 {main}
ERROR - 2022-04-03 02:12:01 --> Error connecting to the database: Unknown database 'ci4'
CRITICAL - 2022-04-03 02:12:01 --> Unable to connect to the database.
Main connection [MySQLi]: Unknown database 'ci4'
#0 C:\laragon\www\ci4\system\Database\BaseConnection.php(577): CodeIgniter\Database\BaseConnection->initialize()
#1 C:\laragon\www\ci4\system\Database\BaseBuilder.php(1455): CodeIgniter\Database\BaseConnection->query('SELECT *\nFROM `...', Array, false)
#2 C:\laragon\www\ci4\system\Model.php(183): CodeIgniter\Database\BaseBuilder->get()
#3 C:\laragon\www\ci4\system\BaseModel.php(584): CodeIgniter\Model->doFindAll(0, 0)
#4 C:\laragon\www\ci4\app\Controllers\Home.php(15): CodeIgniter\BaseModel->findAll()
#5 C:\laragon\www\ci4\system\CodeIgniter.php(832): App\Controllers\Home->index()
#6 C:\laragon\www\ci4\system\CodeIgniter.php(419): CodeIgniter\CodeIgniter->runController(Object(App\Controllers\Home))
#7 C:\laragon\www\ci4\system\CodeIgniter.php(326): CodeIgniter\CodeIgniter->handleRequest(NULL, Object(Config\Cache), false)
#8 C:\laragon\www\ci4\public\index.php(37): CodeIgniter\CodeIgniter->run()
#9 C:\laragon\www\ci4\system\Commands\Server\rewrite.php(43): require_once('C:\\laragon\\www\\...')
#10 {main}
CRITICAL - 2022-04-03 02:12:25 --> Class 'app\Controllers\BaseController' not found
#0 C:\laragon\www\ci4\system\Autoloader\Autoloader.php(264): include_once()
#1 C:\laragon\www\ci4\system\Autoloader\Autoloader.php(241): CodeIgniter\Autoloader\Autoloader->includeFile('C:\\laragon\\www\\...')
#2 C:\laragon\www\ci4\system\Autoloader\Autoloader.php(219): CodeIgniter\Autoloader\Autoloader->loadInNamespace('App\\Controllers...')
#3 [internal function]: CodeIgniter\Autoloader\Autoloader->loadClass('App\\Controllers...')
#4 [internal function]: spl_autoload_call('App\\Controllers...')
#5 C:\laragon\www\ci4\system\CodeIgniter.php(797): class_exists('\\App\\Controller...', true)
#6 C:\laragon\www\ci4\system\CodeIgniter.php(406): CodeIgniter\CodeIgniter->startController()
#7 C:\laragon\www\ci4\system\CodeIgniter.php(326): CodeIgniter\CodeIgniter->handleRequest(NULL, Object(Config\Cache), false)
#8 C:\laragon\www\ci4\public\index.php(37): CodeIgniter\CodeIgniter->run()
#9 C:\laragon\www\ci4\system\Commands\Server\rewrite.php(43): require_once('C:\\laragon\\www\\...')
#10 {main}
CRITICAL - 2022-04-03 02:13:02 --> Class 'app\Controllers\BaseController' not found
#0 C:\laragon\www\ci4\system\Autoloader\Autoloader.php(264): include_once()
#1 C:\laragon\www\ci4\system\Autoloader\Autoloader.php(241): CodeIgniter\Autoloader\Autoloader->includeFile('C:\\laragon\\www\\...')
#2 C:\laragon\www\ci4\system\Autoloader\Autoloader.php(219): CodeIgniter\Autoloader\Autoloader->loadInNamespace('App\\Controllers...')
#3 [internal function]: CodeIgniter\Autoloader\Autoloader->loadClass('App\\Controllers...')
#4 [internal function]: spl_autoload_call('App\\Controllers...')
#5 C:\laragon\www\ci4\system\CodeIgniter.php(797): class_exists('\\App\\Controller...', true)
#6 C:\laragon\www\ci4\system\CodeIgniter.php(406): CodeIgniter\CodeIgniter->startController()
#7 C:\laragon\www\ci4\system\CodeIgniter.php(326): CodeIgniter\CodeIgniter->handleRequest(NULL, Object(Config\Cache), false)
#8 C:\laragon\www\ci4\public\index.php(37): CodeIgniter\CodeIgniter->run()
#9 C:\laragon\www\ci4\system\Commands\Server\rewrite.php(43): require_once('C:\\laragon\\www\\...')
#10 {main}
CRITICAL - 2022-04-03 02:13:18 --> Class 'app\Controllers\BaseController' not found
#0 C:\laragon\www\ci4\system\Autoloader\Autoloader.php(264): include_once()
#1 C:\laragon\www\ci4\system\Autoloader\Autoloader.php(241): CodeIgniter\Autoloader\Autoloader->includeFile('C:\\laragon\\www\\...')
#2 C:\laragon\www\ci4\system\Autoloader\Autoloader.php(219): CodeIgniter\Autoloader\Autoloader->loadInNamespace('App\\Controllers...')
#3 [internal function]: CodeIgniter\Autoloader\Autoloader->loadClass('App\\Controllers...')
#4 [internal function]: spl_autoload_call('App\\Controllers...')
#5 C:\laragon\www\ci4\system\CodeIgniter.php(797): class_exists('\\App\\Controller...', true)
#6 C:\laragon\www\ci4\system\CodeIgniter.php(406): CodeIgniter\CodeIgniter->startController()
#7 C:\laragon\www\ci4\system\CodeIgniter.php(326): CodeIgniter\CodeIgniter->handleRequest(NULL, Object(Config\Cache), false)
#8 C:\laragon\www\ci4\public\index.php(37): CodeIgniter\CodeIgniter->run()
#9 C:\laragon\www\ci4\system\Commands\Server\rewrite.php(43): require_once('C:\\laragon\\www\\...')
#10 {main}
CRITICAL - 2022-04-03 02:13:29 --> Class 'app\Models\PortoModel' not found
#0 C:\laragon\www\ci4\system\CodeIgniter.php(809): App\Controllers\Home->__construct()
#1 C:\laragon\www\ci4\system\CodeIgniter.php(410): CodeIgniter\CodeIgniter->createController()
#2 C:\laragon\www\ci4\system\CodeIgniter.php(326): CodeIgniter\CodeIgniter->handleRequest(NULL, Object(Config\Cache), false)
#3 C:\laragon\www\ci4\public\index.php(37): CodeIgniter\CodeIgniter->run()
#4 C:\laragon\www\ci4\system\Commands\Server\rewrite.php(43): require_once('C:\\laragon\\www\\...')
#5 {main}
CRITICAL - 2022-04-03 02:15:08 --> Class 'app\Models\PortoModel' not found
#0 C:\laragon\www\ci4\system\CodeIgniter.php(809): App\Controllers\Home->__construct()
#1 C:\laragon\www\ci4\system\CodeIgniter.php(410): CodeIgniter\CodeIgniter->createController()
#2 C:\laragon\www\ci4\system\CodeIgniter.php(326): CodeIgniter\CodeIgniter->handleRequest(NULL, Object(Config\Cache), false)
#3 C:\laragon\www\ci4\public\index.php(37): CodeIgniter\CodeIgniter->run()
#4 C:\laragon\www\ci4\system\Commands\Server\rewrite.php(43): require_once('C:\\laragon\\www\\...')
#5 {main}
CRITICAL - 2022-04-03 02:16:32 --> Class 'app\Models\PortoModel' not found
#0 C:\laragon\www\ci4\system\CodeIgniter.php(809): App\Controllers\Home->__construct()
#1 C:\laragon\www\ci4\system\CodeIgniter.php(410): CodeIgniter\CodeIgniter->createController()
#2 C:\laragon\www\ci4\system\CodeIgniter.php(326): CodeIgniter\CodeIgniter->handleRequest(NULL, Object(Config\Cache), false)
#3 C:\laragon\www\ci4\public\index.php(37): CodeIgniter\CodeIgniter->run()
#4 C:\laragon\www\ci4\system\Commands\Server\rewrite.php(43): require_once('C:\\laragon\\www\\...')
#5 {main}
CRITICAL - 2022-04-03 02:16:33 --> Class 'app\Models\PortoModel' not found
#0 C:\laragon\www\ci4\system\CodeIgniter.php(809): App\Controllers\Home->__construct()
#1 C:\laragon\www\ci4\system\CodeIgniter.php(410): CodeIgniter\CodeIgniter->createController()
#2 C:\laragon\www\ci4\system\CodeIgniter.php(326): CodeIgniter\CodeIgniter->handleRequest(NULL, Object(Config\Cache), false)
#3 C:\laragon\www\ci4\public\index.php(37): CodeIgniter\CodeIgniter->run()
#4 C:\laragon\www\ci4\system\Commands\Server\rewrite.php(43): require_once('C:\\laragon\\www\\...')
#5 {main}
CRITICAL - 2022-04-03 02:16:33 --> Class 'app\Models\PortoModel' not found
#0 C:\laragon\www\ci4\system\CodeIgniter.php(809): App\Controllers\Home->__construct()
#1 C:\laragon\www\ci4\system\CodeIgniter.php(410): CodeIgniter\CodeIgniter->createController()
#2 C:\laragon\www\ci4\system\CodeIgniter.php(326): CodeIgniter\CodeIgniter->handleRequest(NULL, Object(Config\Cache), false)
#3 C:\laragon\www\ci4\public\index.php(37): CodeIgniter\CodeIgniter->run()
#4 C:\laragon\www\ci4\system\Commands\Server\rewrite.php(43): require_once('C:\\laragon\\www\\...')
#5 {main}
CRITICAL - 2022-04-03 02:16:33 --> Class 'app\Models\PortoModel' not found
#0 C:\laragon\www\ci4\system\CodeIgniter.php(809): App\Controllers\Home->__construct()
#1 C:\laragon\www\ci4\system\CodeIgniter.php(410): CodeIgniter\CodeIgniter->createController()
#2 C:\laragon\www\ci4\system\CodeIgniter.php(326): CodeIgniter\CodeIgniter->handleRequest(NULL, Object(Config\Cache), false)
#3 C:\laragon\www\ci4\public\index.php(37): CodeIgniter\CodeIgniter->run()
#4 C:\laragon\www\ci4\system\Commands\Server\rewrite.php(43): require_once('C:\\laragon\\www\\...')
#5 {main}
CRITICAL - 2022-04-03 02:16:33 --> Class 'app\Models\PortoModel' not found
#0 C:\laragon\www\ci4\system\CodeIgniter.php(809): App\Controllers\Home->__construct()
#1 C:\laragon\www\ci4\system\CodeIgniter.php(410): CodeIgniter\CodeIgniter->createController()
#2 C:\laragon\www\ci4\system\CodeIgniter.php(326): CodeIgniter\CodeIgniter->handleRequest(NULL, Object(Config\Cache), false)
#3 C:\laragon\www\ci4\public\index.php(37): CodeIgniter\CodeIgniter->run()
#4 C:\laragon\www\ci4\system\Commands\Server\rewrite.php(43): require_once('C:\\laragon\\www\\...')
#5 {main}
CRITICAL - 2022-04-03 02:16:34 --> Class 'app\Models\PortoModel' not found
#0 C:\laragon\www\ci4\system\CodeIgniter.php(809): App\Controllers\Home->__construct()
#1 C:\laragon\www\ci4\system\CodeIgniter.php(410): CodeIgniter\CodeIgniter->createController()
#2 C:\laragon\www\ci4\system\CodeIgniter.php(326): CodeIgniter\CodeIgniter->handleRequest(NULL, Object(Config\Cache), false)
#3 C:\laragon\www\ci4\public\index.php(37): CodeIgniter\CodeIgniter->run()
#4 C:\laragon\www\ci4\system\Commands\Server\rewrite.php(43): require_once('C:\\laragon\\www\\...')
#5 {main}
CRITICAL - 2022-04-03 02:16:34 --> Class 'app\Models\PortoModel' not found
#0 C:\laragon\www\ci4\system\CodeIgniter.php(809): App\Controllers\Home->__construct()
#1 C:\laragon\www\ci4\system\CodeIgniter.php(410): CodeIgniter\CodeIgniter->createController()
#2 C:\laragon\www\ci4\system\CodeIgniter.php(326): CodeIgniter\CodeIgniter->handleRequest(NULL, Object(Config\Cache), false)
#3 C:\laragon\www\ci4\public\index.php(37): CodeIgniter\CodeIgniter->run()
#4 C:\laragon\www\ci4\system\Commands\Server\rewrite.php(43): require_once('C:\\laragon\\www\\...')
#5 {main}
CRITICAL - 2022-04-03 02:16:34 --> Class 'app\Models\PortoModel' not found
#0 C:\laragon\www\ci4\system\CodeIgniter.php(809): App\Controllers\Home->__construct()
#1 C:\laragon\www\ci4\system\CodeIgniter.php(410): CodeIgniter\CodeIgniter->createController()
#2 C:\laragon\www\ci4\system\CodeIgniter.php(326): CodeIgniter\CodeIgniter->handleRequest(NULL, Object(Config\Cache), false)
#3 C:\laragon\www\ci4\public\index.php(37): CodeIgniter\CodeIgniter->run()
#4 C:\laragon\www\ci4\system\Commands\Server\rewrite.php(43): require_once('C:\\laragon\\www\\...')
#5 {main}
ERROR - 2022-04-03 02:22:30 --> Error connecting to the database: Unknown database 'ci4'
CRITICAL - 2022-04-03 02:22:30 --> Unable to connect to the database.
Main connection [MySQLi]: Unknown database 'ci4'
#0 C:\laragon\www\ci4\system\Database\BaseConnection.php(577): CodeIgniter\Database\BaseConnection->initialize()
#1 C:\laragon\www\ci4\system\Database\BaseBuilder.php(1455): CodeIgniter\Database\BaseConnection->query('SELECT *\nFROM `...', Array, false)
#2 C:\laragon\www\ci4\system\Model.php(183): CodeIgniter\Database\BaseBuilder->get()
#3 C:\laragon\www\ci4\system\BaseModel.php(584): CodeIgniter\Model->doFindAll(0, 0)
#4 C:\laragon\www\ci4\app\Controllers\Home.php(15): CodeIgniter\BaseModel->findAll()
#5 C:\laragon\www\ci4\system\CodeIgniter.php(832): App\Controllers\Home->index()
#6 C:\laragon\www\ci4\system\CodeIgniter.php(419): CodeIgniter\CodeIgniter->runController(Object(App\Controllers\Home))
#7 C:\laragon\www\ci4\system\CodeIgniter.php(326): CodeIgniter\CodeIgniter->handleRequest(NULL, Object(Config\Cache), false)
#8 C:\laragon\www\ci4\public\index.php(37): CodeIgniter\CodeIgniter->run()
#9 C:\laragon\www\ci4\system\Commands\Server\rewrite.php(43): require_once('C:\\laragon\\www\\...')
#10 {main}
ERROR - 2022-04-03 02:22:32 --> Error connecting to the database: Unknown database 'ci4'
CRITICAL - 2022-04-03 02:22:32 --> Unable to connect to the database.
Main connection [MySQLi]: Unknown database 'ci4'
#0 C:\laragon\www\ci4\system\Database\BaseConnection.php(577): CodeIgniter\Database\BaseConnection->initialize()
#1 C:\laragon\www\ci4\system\Database\BaseBuilder.php(1455): CodeIgniter\Database\BaseConnection->query('SELECT *\nFROM `...', Array, false)
#2 C:\laragon\www\ci4\system\Model.php(183): CodeIgniter\Database\BaseBuilder->get()
#3 C:\laragon\www\ci4\system\BaseModel.php(584): CodeIgniter\Model->doFindAll(0, 0)
#4 C:\laragon\www\ci4\app\Controllers\Home.php(15): CodeIgniter\BaseModel->findAll()
#5 C:\laragon\www\ci4\system\CodeIgniter.php(832): App\Controllers\Home->index()
#6 C:\laragon\www\ci4\system\CodeIgniter.php(419): CodeIgniter\CodeIgniter->runController(Object(App\Controllers\Home))
#7 C:\laragon\www\ci4\system\CodeIgniter.php(326): CodeIgniter\CodeIgniter->handleRequest(NULL, Object(Config\Cache), false)
#8 C:\laragon\www\ci4\public\index.php(37): CodeIgniter\CodeIgniter->run()
#9 C:\laragon\www\ci4\system\Commands\Server\rewrite.php(43): require_once('C:\\laragon\\www\\...')
#10 {main}
ERROR - 2022-04-03 02:22:33 --> Error connecting to the database: Unknown database 'ci4'
CRITICAL - 2022-04-03 02:22:33 --> Unable to connect to the database.
Main connection [MySQLi]: Unknown database 'ci4'
#0 C:\laragon\www\ci4\system\Database\BaseConnection.php(577): CodeIgniter\Database\BaseConnection->initialize()
#1 C:\laragon\www\ci4\system\Database\BaseBuilder.php(1455): CodeIgniter\Database\BaseConnection->query('SELECT *\nFROM `...', Array, false)
#2 C:\laragon\www\ci4\system\Model.php(183): CodeIgniter\Database\BaseBuilder->get()
#3 C:\laragon\www\ci4\system\BaseModel.php(584): CodeIgniter\Model->doFindAll(0, 0)
#4 C:\laragon\www\ci4\app\Controllers\Home.php(15): CodeIgniter\BaseModel->findAll()
#5 C:\laragon\www\ci4\system\CodeIgniter.php(832): App\Controllers\Home->index()
#6 C:\laragon\www\ci4\system\CodeIgniter.php(419): CodeIgniter\CodeIgniter->runController(Object(App\Controllers\Home))
#7 C:\laragon\www\ci4\system\CodeIgniter.php(326): CodeIgniter\CodeIgniter->handleRequest(NULL, Object(Config\Cache), false)
#8 C:\laragon\www\ci4\public\index.php(37): CodeIgniter\CodeIgniter->run()
#9 C:\laragon\www\ci4\system\Commands\Server\rewrite.php(43): require_once('C:\\laragon\\www\\...')
#10 {main}
ERROR - 2022-04-03 02:25:16 --> Error connecting to the database: Unknown database 'ci4'
CRITICAL - 2022-04-03 02:25:16 --> Unable to connect to the database.
Main connection [MySQLi]: Unknown database 'ci4'
#0 C:\laragon\www\ci4\system\Database\BaseConnection.php(577): CodeIgniter\Database\BaseConnection->initialize()
#1 C:\laragon\www\ci4\system\Database\BaseBuilder.php(1455): CodeIgniter\Database\BaseConnection->query('SELECT *\nFROM `...', Array, false)
#2 C:\laragon\www\ci4\system\Model.php(183): CodeIgniter\Database\BaseBuilder->get()
#3 C:\laragon\www\ci4\system\BaseModel.php(584): CodeIgniter\Model->doFindAll(0, 0)
#4 C:\laragon\www\ci4\app\Controllers\Home.php(15): CodeIgniter\BaseModel->findAll()
#5 C:\laragon\www\ci4\system\CodeIgniter.php(832): App\Controllers\Home->index()
#6 C:\laragon\www\ci4\system\CodeIgniter.php(419): CodeIgniter\CodeIgniter->runController(Object(App\Controllers\Home))
#7 C:\laragon\www\ci4\system\CodeIgniter.php(326): CodeIgniter\CodeIgniter->handleRequest(NULL, Object(Config\Cache), false)
#8 C:\laragon\www\ci4\public\index.php(37): CodeIgniter\CodeIgniter->run()
#9 C:\laragon\www\ci4\system\Commands\Server\rewrite.php(43): require_once('C:\\laragon\\www\\...')
#10 {main}
ERROR - 2022-04-03 02:25:17 --> Error connecting to the database: Unknown database 'ci4'
CRITICAL - 2022-04-03 02:25:17 --> Unable to connect to the database.
Main connection [MySQLi]: Unknown database 'ci4'
#0 C:\laragon\www\ci4\system\Database\BaseConnection.php(577): CodeIgniter\Database\BaseConnection->initialize()
#1 C:\laragon\www\ci4\system\Database\BaseBuilder.php(1455): CodeIgniter\Database\BaseConnection->query('SELECT *\nFROM `...', Array, false)
#2 C:\laragon\www\ci4\system\Model.php(183): CodeIgniter\Database\BaseBuilder->get()
#3 C:\laragon\www\ci4\system\BaseModel.php(584): CodeIgniter\Model->doFindAll(0, 0)
#4 C:\laragon\www\ci4\app\Controllers\Home.php(15): CodeIgniter\BaseModel->findAll()
#5 C:\laragon\www\ci4\system\CodeIgniter.php(832): App\Controllers\Home->index()
#6 C:\laragon\www\ci4\system\CodeIgniter.php(419): CodeIgniter\CodeIgniter->runController(Object(App\Controllers\Home))
#7 C:\laragon\www\ci4\system\CodeIgniter.php(326): CodeIgniter\CodeIgniter->handleRequest(NULL, Object(Config\Cache), false)
#8 C:\laragon\www\ci4\public\index.php(37): CodeIgniter\CodeIgniter->run()
#9 C:\laragon\www\ci4\system\Commands\Server\rewrite.php(43): require_once('C:\\laragon\\www\\...')
#10 {main}
ERROR - 2022-04-03 02:25:17 --> Error connecting to the database: Unknown database 'ci4'
CRITICAL - 2022-04-03 02:25:17 --> Unable to connect to the database.
Main connection [MySQLi]: Unknown database 'ci4'
#0 C:\laragon\www\ci4\system\Database\BaseConnection.php(577): CodeIgniter\Database\BaseConnection->initialize()
#1 C:\laragon\www\ci4\system\Database\BaseBuilder.php(1455): CodeIgniter\Database\BaseConnection->query('SELECT *\nFROM `...', Array, false)
#2 C:\laragon\www\ci4\system\Model.php(183): CodeIgniter\Database\BaseBuilder->get()
#3 C:\laragon\www\ci4\system\BaseModel.php(584): CodeIgniter\Model->doFindAll(0, 0)
#4 C:\laragon\www\ci4\app\Controllers\Home.php(15): CodeIgniter\BaseModel->findAll()
#5 C:\laragon\www\ci4\system\CodeIgniter.php(832): App\Controllers\Home->index()
#6 C:\laragon\www\ci4\system\CodeIgniter.php(419): CodeIgniter\CodeIgniter->runController(Object(App\Controllers\Home))
#7 C:\laragon\www\ci4\system\CodeIgniter.php(326): CodeIgniter\CodeIgniter->handleRequest(NULL, Object(Config\Cache), false)
#8 C:\laragon\www\ci4\public\index.php(37): CodeIgniter\CodeIgniter->run()
#9 C:\laragon\www\ci4\system\Commands\Server\rewrite.php(43): require_once('C:\\laragon\\www\\...')
#10 {main}
ERROR - 2022-04-03 02:25:39 --> Error connecting to the database: Unknown database 'ci4'
CRITICAL - 2022-04-03 02:25:39 --> Unable to connect to the database.
Main connection [MySQLi]: Unknown database 'ci4'
#0 C:\laragon\www\ci4\system\Database\BaseConnection.php(577): CodeIgniter\Database\BaseConnection->initialize()
#1 C:\laragon\www\ci4\system\Database\BaseBuilder.php(1455): CodeIgniter\Database\BaseConnection->query('SELECT *\nFROM `...', Array, false)
#2 C:\laragon\www\ci4\system\Model.php(183): CodeIgniter\Database\BaseBuilder->get()
#3 C:\laragon\www\ci4\system\BaseModel.php(584): CodeIgniter\Model->doFindAll(0, 0)
#4 C:\laragon\www\ci4\app\Controllers\Home.php(15): CodeIgniter\BaseModel->findAll()
#5 C:\laragon\www\ci4\system\CodeIgniter.php(832): App\Controllers\Home->index()
#6 C:\laragon\www\ci4\system\CodeIgniter.php(419): CodeIgniter\CodeIgniter->runController(Object(App\Controllers\Home))
#7 C:\laragon\www\ci4\system\CodeIgniter.php(326): CodeIgniter\CodeIgniter->handleRequest(NULL, Object(Config\Cache), false)
#8 C:\laragon\www\ci4\public\index.php(37): CodeIgniter\CodeIgniter->run()
#9 C:\laragon\www\ci4\system\Commands\Server\rewrite.php(43): require_once('C:\\laragon\\www\\...')
#10 {main}
ERROR - 2022-04-03 02:25:40 --> Error connecting to the database: Unknown database 'ci4'
CRITICAL - 2022-04-03 02:25:40 --> Unable to connect to the database.
Main connection [MySQLi]: Unknown database 'ci4'
#0 C:\laragon\www\ci4\system\Database\BaseConnection.php(577): CodeIgniter\Database\BaseConnection->initialize()
#1 C:\laragon\www\ci4\system\Database\BaseBuilder.php(1455): CodeIgniter\Database\BaseConnection->query('SELECT *\nFROM `...', Array, false)
#2 C:\laragon\www\ci4\system\Model.php(183): CodeIgniter\Database\BaseBuilder->get()
#3 C:\laragon\www\ci4\system\BaseModel.php(584): CodeIgniter\Model->doFindAll(0, 0)
#4 C:\laragon\www\ci4\app\Controllers\Home.php(15): CodeIgniter\BaseModel->findAll()
#5 C:\laragon\www\ci4\system\CodeIgniter.php(832): App\Controllers\Home->index()
#6 C:\laragon\www\ci4\system\CodeIgniter.php(419): CodeIgniter\CodeIgniter->runController(Object(App\Controllers\Home))
#7 C:\laragon\www\ci4\system\CodeIgniter.php(326): CodeIgniter\CodeIgniter->handleRequest(NULL, Object(Config\Cache), false)
#8 C:\laragon\www\ci4\public\index.php(37): CodeIgniter\CodeIgniter->run()
#9 C:\laragon\www\ci4\system\Commands\Server\rewrite.php(43): require_once('C:\\laragon\\www\\...')
#10 {main}
ERROR - 2022-04-03 02:26:20 --> Error connecting to the database: Unknown database 'ci4'
CRITICAL - 2022-04-03 02:26:20 --> Unable to connect to the database.
Main connection [MySQLi]: Unknown database 'ci4'
#0 C:\laragon\www\ci4\system\Database\BaseConnection.php(577): CodeIgniter\Database\BaseConnection->initialize()
#1 C:\laragon\www\ci4\system\Database\BaseBuilder.php(1455): CodeIgniter\Database\BaseConnection->query('SELECT *\nFROM `...', Array, false)
#2 C:\laragon\www\ci4\system\Model.php(183): CodeIgniter\Database\BaseBuilder->get()
#3 C:\laragon\www\ci4\system\BaseModel.php(584): CodeIgniter\Model->doFindAll(0, 0)
#4 C:\laragon\www\ci4\app\Controllers\Home.php(15): CodeIgniter\BaseModel->findAll()
#5 C:\laragon\www\ci4\system\CodeIgniter.php(832): App\Controllers\Home->index()
#6 C:\laragon\www\ci4\system\CodeIgniter.php(419): CodeIgniter\CodeIgniter->runController(Object(App\Controllers\Home))
#7 C:\laragon\www\ci4\system\CodeIgniter.php(326): CodeIgniter\CodeIgniter->handleRequest(NULL, Object(Config\Cache), false)
#8 C:\laragon\www\ci4\public\index.php(37): CodeIgniter\CodeIgniter->run()
#9 C:\laragon\www\ci4\system\Commands\Server\rewrite.php(43): require_once('C:\\laragon\\www\\...')
#10 {main}
ERROR - 2022-04-03 02:26:20 --> Error connecting to the database: Unknown database 'ci4'
CRITICAL - 2022-04-03 02:26:20 --> Unable to connect to the database.
Main connection [MySQLi]: Unknown database 'ci4'
#0 C:\laragon\www\ci4\system\Database\BaseConnection.php(577): CodeIgniter\Database\BaseConnection->initialize()
#1 C:\laragon\www\ci4\system\Database\BaseBuilder.php(1455): CodeIgniter\Database\BaseConnection->query('SELECT *\nFROM `...', Array, false)
#2 C:\laragon\www\ci4\system\Model.php(183): CodeIgniter\Database\BaseBuilder->get()
#3 C:\laragon\www\ci4\system\BaseModel.php(584): CodeIgniter\Model->doFindAll(0, 0)
#4 C:\laragon\www\ci4\app\Controllers\Home.php(15): CodeIgniter\BaseModel->findAll()
#5 C:\laragon\www\ci4\system\CodeIgniter.php(832): App\Controllers\Home->index()
#6 C:\laragon\www\ci4\system\CodeIgniter.php(419): CodeIgniter\CodeIgniter->runController(Object(App\Controllers\Home))
#7 C:\laragon\www\ci4\system\CodeIgniter.php(326): CodeIgniter\CodeIgniter->handleRequest(NULL, Object(Config\Cache), false)
#8 C:\laragon\www\ci4\public\index.php(37): CodeIgniter\CodeIgniter->run()
#9 C:\laragon\www\ci4\system\Commands\Server\rewrite.php(43): require_once('C:\\laragon\\www\\...')
#10 {main}
ERROR - 2022-04-03 02:26:21 --> Error connecting to the database: Unknown database 'ci4'
CRITICAL - 2022-04-03 02:26:21 --> Unable to connect to the database.
Main connection [MySQLi]: Unknown database 'ci4'
#0 C:\laragon\www\ci4\system\Database\BaseConnection.php(577): CodeIgniter\Database\BaseConnection->initialize()
#1 C:\laragon\www\ci4\system\Database\BaseBuilder.php(1455): CodeIgniter\Database\BaseConnection->query('SELECT *\nFROM `...', Array, false)
#2 C:\laragon\www\ci4\system\Model.php(183): CodeIgniter\Database\BaseBuilder->get()
#3 C:\laragon\www\ci4\system\BaseModel.php(584): CodeIgniter\Model->doFindAll(0, 0)
#4 C:\laragon\www\ci4\app\Controllers\Home.php(15): CodeIgniter\BaseModel->findAll()
#5 C:\laragon\www\ci4\system\CodeIgniter.php(832): App\Controllers\Home->index()
#6 C:\laragon\www\ci4\system\CodeIgniter.php(419): CodeIgniter\CodeIgniter->runController(Object(App\Controllers\Home))
#7 C:\laragon\www\ci4\system\CodeIgniter.php(326): CodeIgniter\CodeIgniter->handleRequest(NULL, Object(Config\Cache), false)
#8 C:\laragon\www\ci4\public\index.php(37): CodeIgniter\CodeIgniter->run()
#9 C:\laragon\www\ci4\system\Commands\Server\rewrite.php(43): require_once('C:\\laragon\\www\\...')
#10 {main}
ERROR - 2022-04-03 02:28:16 --> Error connecting to the database: Unknown database 'ci4'
CRITICAL - 2022-04-03 02:28:17 --> Unable to connect to the database.
Main connection [MySQLi]: Unknown database 'ci4'
#0 C:\laragon\www\ci4\system\Database\BaseConnection.php(577): CodeIgniter\Database\BaseConnection->initialize()
#1 C:\laragon\www\ci4\system\Database\BaseBuilder.php(1455): CodeIgniter\Database\BaseConnection->query('SELECT *\nFROM `...', Array, false)
#2 C:\laragon\www\ci4\system\Model.php(183): CodeIgniter\Database\BaseBuilder->get()
#3 C:\laragon\www\ci4\system\BaseModel.php(584): CodeIgniter\Model->doFindAll(0, 0)
#4 C:\laragon\www\ci4\app\Controllers\Home.php(15): CodeIgniter\BaseModel->findAll()
#5 C:\laragon\www\ci4\system\CodeIgniter.php(832): App\Controllers\Home->index()
#6 C:\laragon\www\ci4\system\CodeIgniter.php(419): CodeIgniter\CodeIgniter->runController(Object(App\Controllers\Home))
#7 C:\laragon\www\ci4\system\CodeIgniter.php(326): CodeIgniter\CodeIgniter->handleRequest(NULL, Object(Config\Cache), false)
#8 C:\laragon\www\ci4\public\index.php(37): CodeIgniter\CodeIgniter->run()
#9 C:\laragon\www\ci4\system\Commands\Server\rewrite.php(43): require_once('C:\\laragon\\www\\...')
#10 {main}
ERROR - 2022-04-03 02:28:17 --> Error connecting to the database: Unknown database 'ci4'
CRITICAL - 2022-04-03 02:28:17 --> Unable to connect to the database.
Main connection [MySQLi]: Unknown database 'ci4'
#0 C:\laragon\www\ci4\system\Database\BaseConnection.php(577): CodeIgniter\Database\BaseConnection->initialize()
#1 C:\laragon\www\ci4\system\Database\BaseBuilder.php(1455): CodeIgniter\Database\BaseConnection->query('SELECT *\nFROM `...', Array, false)
#2 C:\laragon\www\ci4\system\Model.php(183): CodeIgniter\Database\BaseBuilder->get()
#3 C:\laragon\www\ci4\system\BaseModel.php(584): CodeIgniter\Model->doFindAll(0, 0)
#4 C:\laragon\www\ci4\app\Controllers\Home.php(15): CodeIgniter\BaseModel->findAll()
#5 C:\laragon\www\ci4\system\CodeIgniter.php(832): App\Controllers\Home->index()
#6 C:\laragon\www\ci4\system\CodeIgniter.php(419): CodeIgniter\CodeIgniter->runController(Object(App\Controllers\Home))
#7 C:\laragon\www\ci4\system\CodeIgniter.php(326): CodeIgniter\CodeIgniter->handleRequest(NULL, Object(Config\Cache), false)
#8 C:\laragon\www\ci4\public\index.php(37): CodeIgniter\CodeIgniter->run()
#9 C:\laragon\www\ci4\system\Commands\Server\rewrite.php(43): require_once('C:\\laragon\\www\\...')
#10 {main}
ERROR - 2022-04-03 02:29:50 --> Error connecting to the database: A connection attempt failed because the connected party did not properly respond after a period of time, or established connection failed because connected host has failed to respond.

CRITICAL - 2022-04-03 02:29:50 --> Unable to connect to the database.
Main connection [MySQLi]: A connection attempt failed because the connected party did not properly respond after a period of time, or established connection failed because connected host has failed to respond.

#0 C:\laragon\www\ci4\system\Database\BaseConnection.php(577): CodeIgniter\Database\BaseConnection->initialize()
#1 C:\laragon\www\ci4\system\Database\BaseBuilder.php(1455): CodeIgniter\Database\BaseConnection->query('SELECT *\nFROM `...', Array, false)
#2 C:\laragon\www\ci4\system\Model.php(183): CodeIgniter\Database\BaseBuilder->get()
#3 C:\laragon\www\ci4\system\BaseModel.php(584): CodeIgniter\Model->doFindAll(0, 0)
#4 C:\laragon\www\ci4\app\Controllers\Home.php(15): CodeIgniter\BaseModel->findAll()
#5 C:\laragon\www\ci4\system\CodeIgniter.php(832): App\Controllers\Home->index()
#6 C:\laragon\www\ci4\system\CodeIgniter.php(419): CodeIgniter\CodeIgniter->runController(Object(App\Controllers\Home))
#7 C:\laragon\www\ci4\system\CodeIgniter.php(326): CodeIgniter\CodeIgniter->handleRequest(NULL, Object(Config\Cache), false)
#8 C:\laragon\www\ci4\public\index.php(37): CodeIgniter\CodeIgniter->run()
#9 C:\laragon\www\ci4\system\Commands\Server\rewrite.php(43): require_once('C:\\laragon\\www\\...')
#10 {main}
ERROR - 2022-04-03 02:30:06 --> Error connecting to the database: Unknown database 'ci4'
CRITICAL - 2022-04-03 02:30:06 --> Unable to connect to the database.
Main connection [MySQLi]: Unknown database 'ci4'
#0 C:\laragon\www\ci4\system\Database\BaseConnection.php(577): CodeIgniter\Database\BaseConnection->initialize()
#1 C:\laragon\www\ci4\system\Database\BaseBuilder.php(1455): CodeIgniter\Database\BaseConnection->query('SELECT *\nFROM `...', Array, false)
#2 C:\laragon\www\ci4\system\Model.php(183): CodeIgniter\Database\BaseBuilder->get()
#3 C:\laragon\www\ci4\system\BaseModel.php(584): CodeIgniter\Model->doFindAll(0, 0)
#4 C:\laragon\www\ci4\app\Controllers\Home.php(15): CodeIgniter\BaseModel->findAll()
#5 C:\laragon\www\ci4\system\CodeIgniter.php(832): App\Controllers\Home->index()
#6 C:\laragon\www\ci4\system\CodeIgniter.php(419): CodeIgniter\CodeIgniter->runController(Object(App\Controllers\Home))
#7 C:\laragon\www\ci4\system\CodeIgniter.php(326): CodeIgniter\CodeIgniter->handleRequest(NULL, Object(Config\Cache), false)
#8 C:\laragon\www\ci4\public\index.php(37): CodeIgniter\CodeIgniter->run()
#9 C:\laragon\www\ci4\system\Commands\Server\rewrite.php(43): require_once('C:\\laragon\\www\\...')
#10 {main}
ERROR - 2022-04-03 02:30:07 --> Error connecting to the database: Unknown database 'ci4'
CRITICAL - 2022-04-03 02:30:07 --> Unable to connect to the database.
Main connection [MySQLi]: Unknown database 'ci4'
#0 C:\laragon\www\ci4\system\Database\BaseConnection.php(577): CodeIgniter\Database\BaseConnection->initialize()
#1 C:\laragon\www\ci4\system\Database\BaseBuilder.php(1455): CodeIgniter\Database\BaseConnection->query('SELECT *\nFROM `...', Array, false)
#2 C:\laragon\www\ci4\system\Model.php(183): CodeIgniter\Database\BaseBuilder->get()
#3 C:\laragon\www\ci4\system\BaseModel.php(584): CodeIgniter\Model->doFindAll(0, 0)
#4 C:\laragon\www\ci4\app\Controllers\Home.php(15): CodeIgniter\BaseModel->findAll()
#5 C:\laragon\www\ci4\system\CodeIgniter.php(832): App\Controllers\Home->index()
#6 C:\laragon\www\ci4\system\CodeIgniter.php(419): CodeIgniter\CodeIgniter->runController(Object(App\Controllers\Home))
#7 C:\laragon\www\ci4\system\CodeIgniter.php(326): CodeIgniter\CodeIgniter->handleRequest(NULL, Object(Config\Cache), false)
#8 C:\laragon\www\ci4\public\index.php(37): CodeIgniter\CodeIgniter->run()
#9 C:\laragon\www\ci4\system\Commands\Server\rewrite.php(43): require_once('C:\\laragon\\www\\...')
#10 {main}
ERROR - 2022-04-03 02:31:32 --> Error connecting to the database: Unknown database 'ci4'
CRITICAL - 2022-04-03 02:31:32 --> Unable to connect to the database.
Main connection [MySQLi]: Unknown database 'ci4'
#0 C:\laragon\www\ci4\system\Database\BaseConnection.php(577): CodeIgniter\Database\BaseConnection->initialize()
#1 C:\laragon\www\ci4\system\Database\BaseBuilder.php(1455): CodeIgniter\Database\BaseConnection->query('SELECT *\nFROM `...', Array, false)
#2 C:\laragon\www\ci4\system\Model.php(183): CodeIgniter\Database\BaseBuilder->get()
#3 C:\laragon\www\ci4\system\BaseModel.php(584): CodeIgniter\Model->doFindAll(0, 0)
#4 C:\laragon\www\ci4\app\Controllers\Home.php(15): CodeIgniter\BaseModel->findAll()
#5 C:\laragon\www\ci4\system\CodeIgniter.php(832): App\Controllers\Home->index()
#6 C:\laragon\www\ci4\system\CodeIgniter.php(419): CodeIgniter\CodeIgniter->runController(Object(App\Controllers\Home))
#7 C:\laragon\www\ci4\system\CodeIgniter.php(326): CodeIgniter\CodeIgniter->handleRequest(NULL, Object(Config\Cache), false)
#8 C:\laragon\www\ci4\public\index.php(37): CodeIgniter\CodeIgniter->run()
#9 C:\laragon\www\ci4\system\Commands\Server\rewrite.php(43): require_once('C:\\laragon\\www\\...')
#10 {main}
ERROR - 2022-04-03 02:31:33 --> Error connecting to the database: Unknown database 'ci4'
CRITICAL - 2022-04-03 02:31:33 --> Unable to connect to the database.
Main connection [MySQLi]: Unknown database 'ci4'
#0 C:\laragon\www\ci4\system\Database\BaseConnection.php(577): CodeIgniter\Database\BaseConnection->initialize()
#1 C:\laragon\www\ci4\system\Database\BaseBuilder.php(1455): CodeIgniter\Database\BaseConnection->query('SELECT *\nFROM `...', Array, false)
#2 C:\laragon\www\ci4\system\Model.php(183): CodeIgniter\Database\BaseBuilder->get()
#3 C:\laragon\www\ci4\system\BaseModel.php(584): CodeIgniter\Model->doFindAll(0, 0)
#4 C:\laragon\www\ci4\app\Controllers\Home.php(15): CodeIgniter\BaseModel->findAll()
#5 C:\laragon\www\ci4\system\CodeIgniter.php(832): App\Controllers\Home->index()
#6 C:\laragon\www\ci4\system\CodeIgniter.php(419): CodeIgniter\CodeIgniter->runController(Object(App\Controllers\Home))
#7 C:\laragon\www\ci4\system\CodeIgniter.php(326): CodeIgniter\CodeIgniter->handleRequest(NULL, Object(Config\Cache), false)
#8 C:\laragon\www\ci4\public\index.php(37): CodeIgniter\CodeIgniter->run()
#9 C:\laragon\www\ci4\system\Commands\Server\rewrite.php(43): require_once('C:\\laragon\\www\\...')
#10 {main}
ERROR - 2022-04-03 02:38:05 --> Table 'relz.edukasi' doesn't exist
CRITICAL - 2022-04-03 02:38:05 --> Table 'relz.edukasi' doesn't exist
#0 C:\laragon\www\ci4\system\Database\MySQLi\Connection.php(292): mysqli->query('SELECT *\nFROM `...', 0)
#1 C:\laragon\www\ci4\system\Database\BaseConnection.php(670): CodeIgniter\Database\MySQLi\Connection->execute('SELECT *\nFROM `...')
#2 C:\laragon\www\ci4\system\Database\BaseConnection.php(598): CodeIgniter\Database\BaseConnection->simpleQuery('SELECT *\nFROM `...')
#3 C:\laragon\www\ci4\system\Database\BaseBuilder.php(1455): CodeIgniter\Database\BaseConnection->query('SELECT *\nFROM `...', Array, false)
#4 C:\laragon\www\ci4\system\Model.php(183): CodeIgniter\Database\BaseBuilder->get()
#5 C:\laragon\www\ci4\system\BaseModel.php(584): CodeIgniter\Model->doFindAll(0, 0)
#6 C:\laragon\www\ci4\app\Controllers\Home.php(15): CodeIgniter\BaseModel->findAll()
#7 C:\laragon\www\ci4\system\CodeIgniter.php(832): App\Controllers\Home->index()
#8 C:\laragon\www\ci4\system\CodeIgniter.php(419): CodeIgniter\CodeIgniter->runController(Object(App\Controllers\Home))
#9 C:\laragon\www\ci4\system\CodeIgniter.php(326): CodeIgniter\CodeIgniter->handleRequest(NULL, Object(Config\Cache), false)
#10 C:\laragon\www\ci4\public\index.php(37): CodeIgniter\CodeIgniter->run()
#11 C:\laragon\www\ci4\system\Commands\Server\rewrite.php(43): require_once('C:\\laragon\\www\\...')
#12 {main}
ERROR - 2022-04-03 02:38:10 --> Table 'relz.edukasi' doesn't exist
CRITICAL - 2022-04-03 02:38:10 --> Table 'relz.edukasi' doesn't exist
#0 C:\laragon\www\ci4\system\Database\MySQLi\Connection.php(292): mysqli->query('SELECT *\nFROM `...', 0)
#1 C:\laragon\www\ci4\system\Database\BaseConnection.php(670): CodeIgniter\Database\MySQLi\Connection->execute('SELECT *\nFROM `...')
#2 C:\laragon\www\ci4\system\Database\BaseConnection.php(598): CodeIgniter\Database\BaseConnection->simpleQuery('SELECT *\nFROM `...')
#3 C:\laragon\www\ci4\system\Database\BaseBuilder.php(1455): CodeIgniter\Database\BaseConnection->query('SELECT *\nFROM `...', Array, false)
#4 C:\laragon\www\ci4\system\Model.php(183): CodeIgniter\Database\BaseBuilder->get()
#5 C:\laragon\www\ci4\system\BaseModel.php(584): CodeIgniter\Model->doFindAll(0, 0)
#6 C:\laragon\www\ci4\app\Controllers\Home.php(15): CodeIgniter\BaseModel->findAll()
#7 C:\laragon\www\ci4\system\CodeIgniter.php(832): App\Controllers\Home->index()
#8 C:\laragon\www\ci4\system\CodeIgniter.php(419): CodeIgniter\CodeIgniter->runController(Object(App\Controllers\Home))
#9 C:\laragon\www\ci4\system\CodeIgniter.php(326): CodeIgniter\CodeIgniter->handleRequest(NULL, Object(Config\Cache), false)
#10 C:\laragon\www\ci4\public\index.php(37): CodeIgniter\CodeIgniter->run()
#11 C:\laragon\www\ci4\system\Commands\Server\rewrite.php(43): require_once('C:\\laragon\\www\\...')
#12 {main}
CRITICAL - 2022-04-03 02:40:00 --> syntax error, unexpected 'endforeach' (T_ENDFOREACH), expecting end of file
#0 C:\laragon\www\ci4\system\View\View.php(213): CodeIgniter\View\View->CodeIgniter\View\{closure}()
#1 C:\laragon\www\ci4\system\Common.php(1089): CodeIgniter\View\View->render('template', Array, true)
#2 C:\laragon\www\ci4\app\Controllers\Home.php(21): view('template', Array)
#3 C:\laragon\www\ci4\system\CodeIgniter.php(832): App\Controllers\Home->index()
#4 C:\laragon\www\ci4\system\CodeIgniter.php(419): CodeIgniter\CodeIgniter->runController(Object(App\Controllers\Home))
#5 C:\laragon\www\ci4\system\CodeIgniter.php(326): CodeIgniter\CodeIgniter->handleRequest(NULL, Object(Config\Cache), false)
#6 C:\laragon\www\ci4\public\index.php(37): CodeIgniter\CodeIgniter->run()
#7 C:\laragon\www\ci4\system\Commands\Server\rewrite.php(43): require_once('C:\\laragon\\www\\...')
#8 {main}
CRITICAL - 2022-04-03 02:40:01 --> syntax error, unexpected 'endforeach' (T_ENDFOREACH), expecting end of file
#0 C:\laragon\www\ci4\system\View\View.php(213): CodeIgniter\View\View->CodeIgniter\View\{closure}()
#1 C:\laragon\www\ci4\system\Common.php(1089): CodeIgniter\View\View->render('template', Array, true)
#2 C:\laragon\www\ci4\app\Controllers\Home.php(21): view('template', Array)
#3 C:\laragon\www\ci4\system\CodeIgniter.php(832): App\Controllers\Home->index()
#4 C:\laragon\www\ci4\system\CodeIgniter.php(419): CodeIgniter\CodeIgniter->runController(Object(App\Controllers\Home))
#5 C:\laragon\www\ci4\system\CodeIgniter.php(326): CodeIgniter\CodeIgniter->handleRequest(NULL, Object(Config\Cache), false)
#6 C:\laragon\www\ci4\public\index.php(37): CodeIgniter\CodeIgniter->run()
#7 C:\laragon\www\ci4\system\Commands\Server\rewrite.php(43): require_once('C:\\laragon\\www\\...')
#8 {main}
CRITICAL - 2022-04-03 02:40:33 --> syntax error, unexpected 'endforeach' (T_ENDFOREACH), expecting end of file
#0 C:\laragon\www\ci4\system\View\View.php(213): CodeIgniter\View\View->CodeIgniter\View\{closure}()
#1 C:\laragon\www\ci4\system\Common.php(1089): CodeIgniter\View\View->render('template', Array, true)
#2 C:\laragon\www\ci4\app\Controllers\Home.php(21): view('template', Array)
#3 C:\laragon\www\ci4\system\CodeIgniter.php(832): App\Controllers\Home->index()
#4 C:\laragon\www\ci4\system\CodeIgniter.php(419): CodeIgniter\CodeIgniter->runController(Object(App\Controllers\Home))
#5 C:\laragon\www\ci4\system\CodeIgniter.php(326): CodeIgniter\CodeIgniter->handleRequest(NULL, Object(Config\Cache), false)
#6 C:\laragon\www\ci4\public\index.php(37): CodeIgniter\CodeIgniter->run()
#7 C:\laragon\www\ci4\system\Commands\Server\rewrite.php(43): require_once('C:\\laragon\\www\\...')
#8 {main}
CRITICAL - 2022-04-03 02:40:34 --> syntax error, unexpected 'endforeach' (T_ENDFOREACH), expecting end of file
#0 C:\laragon\www\ci4\system\View\View.php(213): CodeIgniter\View\View->CodeIgniter\View\{closure}()
#1 C:\laragon\www\ci4\system\Common.php(1089): CodeIgniter\View\View->render('template', Array, true)
#2 C:\laragon\www\ci4\app\Controllers\Home.php(21): view('template', Array)
#3 C:\laragon\www\ci4\system\CodeIgniter.php(832): App\Controllers\Home->index()
#4 C:\laragon\www\ci4\system\CodeIgniter.php(419): CodeIgniter\CodeIgniter->runController(Object(App\Controllers\Home))
#5 C:\laragon\www\ci4\system\CodeIgniter.php(326): CodeIgniter\CodeIgniter->handleRequest(NULL, Object(Config\Cache), false)
#6 C:\laragon\www\ci4\public\index.php(37): CodeIgniter\CodeIgniter->run()
#7 C:\laragon\www\ci4\system\Commands\Server\rewrite.php(43): require_once('C:\\laragon\\www\\...')
#8 {main}
CRITICAL - 2022-04-03 02:41:06 --> syntax error, unexpected '<', expecting end of file
#0 C:\laragon\www\ci4\system\View\View.php(213): CodeIgniter\View\View->CodeIgniter\View\{closure}()
#1 C:\laragon\www\ci4\system\View\View.php(226): CodeIgniter\View\View->render('homes', Array, true)
#2 C:\laragon\www\ci4\system\Common.php(1089): CodeIgniter\View\View->render('template', Array, true)
#3 C:\laragon\www\ci4\app\Controllers\Home.php(21): view('template', Array)
#4 C:\laragon\www\ci4\system\CodeIgniter.php(832): App\Controllers\Home->index()
#5 C:\laragon\www\ci4\system\CodeIgniter.php(419): CodeIgniter\CodeIgniter->runController(Object(App\Controllers\Home))
#6 C:\laragon\www\ci4\system\CodeIgniter.php(326): CodeIgniter\CodeIgniter->handleRequest(NULL, Object(Config\Cache), false)
#7 C:\laragon\www\ci4\public\index.php(37): CodeIgniter\CodeIgniter->run()
#8 C:\laragon\www\ci4\system\Commands\Server\rewrite.php(43): require_once('C:\\laragon\\www\\...')
#9 {main}
CRITICAL - 2022-04-03 02:41:07 --> syntax error, unexpected '<', expecting end of file
#0 C:\laragon\www\ci4\system\View\View.php(213): CodeIgniter\View\View->CodeIgniter\View\{closure}()
#1 C:\laragon\www\ci4\system\View\View.php(226): CodeIgniter\View\View->render('homes', Array, true)
#2 C:\laragon\www\ci4\system\Common.php(1089): CodeIgniter\View\View->render('template', Array, true)
#3 C:\laragon\www\ci4\app\Controllers\Home.php(21): view('template', Array)
#4 C:\laragon\www\ci4\system\CodeIgniter.php(832): App\Controllers\Home->index()
#5 C:\laragon\www\ci4\system\CodeIgniter.php(419): CodeIgniter\CodeIgniter->runController(Object(App\Controllers\Home))
#6 C:\laragon\www\ci4\system\CodeIgniter.php(326): CodeIgniter\CodeIgniter->handleRequest(NULL, Object(Config\Cache), false)
#7 C:\laragon\www\ci4\public\index.php(37): CodeIgniter\CodeIgniter->run()
#8 C:\laragon\www\ci4\system\Commands\Server\rewrite.php(43): require_once('C:\\laragon\\www\\...')
#9 {main}
CRITICAL - 2022-04-03 02:41:40 --> syntax error, unexpected '<', expecting end of file
#0 C:\laragon\www\ci4\system\View\View.php(213): CodeIgniter\View\View->CodeIgniter\View\{closure}()
#1 C:\laragon\www\ci4\system\View\View.php(226): CodeIgniter\View\View->render('homes', Array, true)
#2 C:\laragon\www\ci4\system\Common.php(1089): CodeIgniter\View\View->render('template', Array, true)
#3 C:\laragon\www\ci4\app\Controllers\Home.php(21): view('template', Array)
#4 C:\laragon\www\ci4\system\CodeIgniter.php(832): App\Controllers\Home->index()
#5 C:\laragon\www\ci4\system\CodeIgniter.php(419): CodeIgniter\CodeIgniter->runController(Object(App\Controllers\Home))
#6 C:\laragon\www\ci4\system\CodeIgniter.php(326): CodeIgniter\CodeIgniter->handleRequest(NULL, Object(Config\Cache), false)
#7 C:\laragon\www\ci4\public\index.php(37): CodeIgniter\CodeIgniter->run()
#8 C:\laragon\www\ci4\system\Commands\Server\rewrite.php(43): require_once('C:\\laragon\\www\\...')
#9 {main}
CRITICAL - 2022-04-03 02:41:41 --> syntax error, unexpected '<', expecting end of file
#0 C:\laragon\www\ci4\system\View\View.php(213): CodeIgniter\View\View->CodeIgniter\View\{closure}()
#1 C:\laragon\www\ci4\system\View\View.php(226): CodeIgniter\View\View->render('homes', Array, true)
#2 C:\laragon\www\ci4\system\Common.php(1089): CodeIgniter\View\View->render('template', Array, true)
#3 C:\laragon\www\ci4\app\Controllers\Home.php(21): view('template', Array)
#4 C:\laragon\www\ci4\system\CodeIgniter.php(832): App\Controllers\Home->index()
#5 C:\laragon\www\ci4\system\CodeIgniter.php(419): CodeIgniter\CodeIgniter->runController(Object(App\Controllers\Home))
#6 C:\laragon\www\ci4\system\CodeIgniter.php(326): CodeIgniter\CodeIgniter->handleRequest(NULL, Object(Config\Cache), false)
#7 C:\laragon\www\ci4\public\index.php(37): CodeIgniter\CodeIgniter->run()
#8 C:\laragon\www\ci4\system\Commands\Server\rewrite.php(43): require_once('C:\\laragon\\www\\...')
#9 {main}
CRITICAL - 2022-04-03 02:41:42 --> syntax error, unexpected '<', expecting end of file
#0 C:\laragon\www\ci4\system\View\View.php(213): CodeIgniter\View\View->CodeIgniter\View\{closure}()
#1 C:\laragon\www\ci4\system\View\View.php(226): CodeIgniter\View\View->render('homes', Array, true)
#2 C:\laragon\www\ci4\system\Common.php(1089): CodeIgniter\View\View->render('template', Array, true)
#3 C:\laragon\www\ci4\app\Controllers\Home.php(21): view('template', Array)
#4 C:\laragon\www\ci4\system\CodeIgniter.php(832): App\Controllers\Home->index()
#5 C:\laragon\www\ci4\system\CodeIgniter.php(419): CodeIgniter\CodeIgniter->runController(Object(App\Controllers\Home))
#6 C:\laragon\www\ci4\system\CodeIgniter.php(326): CodeIgniter\CodeIgniter->handleRequest(NULL, Object(Config\Cache), false)
#7 C:\laragon\www\ci4\public\index.php(37): CodeIgniter\CodeIgniter->run()
#8 C:\laragon\www\ci4\system\Commands\Server\rewrite.php(43): require_once('C:\\laragon\\www\\...')
#9 {main}
CRITICAL - 2022-04-03 02:43:56 --> syntax error, unexpected '<', expecting end of file
#0 C:\laragon\www\ci4\system\View\View.php(213): CodeIgniter\View\View->CodeIgniter\View\{closure}()
#1 C:\laragon\www\ci4\system\View\View.php(226): CodeIgniter\View\View->render('homes', Array, true)
#2 C:\laragon\www\ci4\system\Common.php(1089): CodeIgniter\View\View->render('template', Array, true)
#3 C:\laragon\www\ci4\app\Controllers\Home.php(21): view('template', Array)
#4 C:\laragon\www\ci4\system\CodeIgniter.php(832): App\Controllers\Home->index()
#5 C:\laragon\www\ci4\system\CodeIgniter.php(419): CodeIgniter\CodeIgniter->runController(Object(App\Controllers\Home))
#6 C:\laragon\www\ci4\system\CodeIgniter.php(326): CodeIgniter\CodeIgniter->handleRequest(NULL, Object(Config\Cache), false)
#7 C:\laragon\www\ci4\public\index.php(37): CodeIgniter\CodeIgniter->run()
#8 C:\laragon\www\ci4\system\Commands\Server\rewrite.php(43): require_once('C:\\laragon\\www\\...')
#9 {main}
CRITICAL - 2022-04-03 02:43:58 --> syntax error, unexpected '<', expecting end of file
#0 C:\laragon\www\ci4\system\View\View.php(213): CodeIgniter\View\View->CodeIgniter\View\{closure}()
#1 C:\laragon\www\ci4\system\View\View.php(226): CodeIgniter\View\View->render('homes', Array, true)
#2 C:\laragon\www\ci4\system\Common.php(1089): CodeIgniter\View\View->render('template', Array, true)
#3 C:\laragon\www\ci4\app\Controllers\Home.php(21): view('template', Array)
#4 C:\laragon\www\ci4\system\CodeIgniter.php(832): App\Controllers\Home->index()
#5 C:\laragon\www\ci4\system\CodeIgniter.php(419): CodeIgniter\CodeIgniter->runController(Object(App\Controllers\Home))
#6 C:\laragon\www\ci4\system\CodeIgniter.php(326): CodeIgniter\CodeIgniter->handleRequest(NULL, Object(Config\Cache), false)
#7 C:\laragon\www\ci4\public\index.php(37): CodeIgniter\CodeIgniter->run()
#8 C:\laragon\www\ci4\system\Commands\Server\rewrite.php(43): require_once('C:\\laragon\\www\\...')
#9 {main}
CRITICAL - 2022-04-03 02:43:58 --> syntax error, unexpected '<', expecting end of file
#0 C:\laragon\www\ci4\system\View\View.php(213): CodeIgniter\View\View->CodeIgniter\View\{closure}()
#1 C:\laragon\www\ci4\system\View\View.php(226): CodeIgniter\View\View->render('homes', Array, true)
#2 C:\laragon\www\ci4\system\Common.php(1089): CodeIgniter\View\View->render('template', Array, true)
#3 C:\laragon\www\ci4\app\Controllers\Home.php(21): view('template', Array)
#4 C:\laragon\www\ci4\system\CodeIgniter.php(832): App\Controllers\Home->index()
#5 C:\laragon\www\ci4\system\CodeIgniter.php(419): CodeIgniter\CodeIgniter->runController(Object(App\Controllers\Home))
#6 C:\laragon\www\ci4\system\CodeIgniter.php(326): CodeIgniter\CodeIgniter->handleRequest(NULL, Object(Config\Cache), false)
#7 C:\laragon\www\ci4\public\index.php(37): CodeIgniter\CodeIgniter->run()
#8 C:\laragon\www\ci4\system\Commands\Server\rewrite.php(43): require_once('C:\\laragon\\www\\...')
#9 {main}
CRITICAL - 2022-04-03 02:43:58 --> syntax error, unexpected '<', expecting end of file
#0 C:\laragon\www\ci4\system\View\View.php(213): CodeIgniter\View\View->CodeIgniter\View\{closure}()
#1 C:\laragon\www\ci4\system\View\View.php(226): CodeIgniter\View\View->render('homes', Array, true)
#2 C:\laragon\www\ci4\system\Common.php(1089): CodeIgniter\View\View->render('template', Array, true)
#3 C:\laragon\www\ci4\app\Controllers\Home.php(21): view('template', Array)
#4 C:\laragon\www\ci4\system\CodeIgniter.php(832): App\Controllers\Home->index()
#5 C:\laragon\www\ci4\system\CodeIgniter.php(419): CodeIgniter\CodeIgniter->runController(Object(App\Controllers\Home))
#6 C:\laragon\www\ci4\system\CodeIgniter.php(326): CodeIgniter\CodeIgniter->handleRequest(NULL, Object(Config\Cache), false)
#7 C:\laragon\www\ci4\public\index.php(37): CodeIgniter\CodeIgniter->run()
#8 C:\laragon\www\ci4\system\Commands\Server\rewrite.php(43): require_once('C:\\laragon\\www\\...')
#9 {main}
CRITICAL - 2022-04-03 02:43:59 --> syntax error, unexpected '<', expecting end of file
#0 C:\laragon\www\ci4\system\View\View.php(213): CodeIgniter\View\View->CodeIgniter\View\{closure}()
#1 C:\laragon\www\ci4\system\View\View.php(226): CodeIgniter\View\View->render('homes', Array, true)
#2 C:\laragon\www\ci4\system\Common.php(1089): CodeIgniter\View\View->render('template', Array, true)
#3 C:\laragon\www\ci4\app\Controllers\Home.php(21): view('template', Array)
#4 C:\laragon\www\ci4\system\CodeIgniter.php(832): App\Controllers\Home->index()
#5 C:\laragon\www\ci4\system\CodeIgniter.php(419): CodeIgniter\CodeIgniter->runController(Object(App\Controllers\Home))
#6 C:\laragon\www\ci4\system\CodeIgniter.php(326): CodeIgniter\CodeIgniter->handleRequest(NULL, Object(Config\Cache), false)
#7 C:\laragon\www\ci4\public\index.php(37): CodeIgniter\CodeIgniter->run()
#8 C:\laragon\www\ci4\system\Commands\Server\rewrite.php(43): require_once('C:\\laragon\\www\\...')
#9 {main}
CRITICAL - 2022-04-03 02:43:59 --> syntax error, unexpected '<', expecting end of file
#0 C:\laragon\www\ci4\system\View\View.php(213): CodeIgniter\View\View->CodeIgniter\View\{closure}()
#1 C:\laragon\www\ci4\system\View\View.php(226): CodeIgniter\View\View->render('homes', Array, true)
#2 C:\laragon\www\ci4\system\Common.php(1089): CodeIgniter\View\View->render('template', Array, true)
#3 C:\laragon\www\ci4\app\Controllers\Home.php(21): view('template', Array)
#4 C:\laragon\www\ci4\system\CodeIgniter.php(832): App\Controllers\Home->index()
#5 C:\laragon\www\ci4\system\CodeIgniter.php(419): CodeIgniter\CodeIgniter->runController(Object(App\Controllers\Home))
#6 C:\laragon\www\ci4\system\CodeIgniter.php(326): CodeIgniter\CodeIgniter->handleRequest(NULL, Object(Config\Cache), false)
#7 C:\laragon\www\ci4\public\index.php(37): CodeIgniter\CodeIgniter->run()
#8 C:\laragon\www\ci4\system\Commands\Server\rewrite.php(43): require_once('C:\\laragon\\www\\...')
#9 {main}
CRITICAL - 2022-04-03 02:43:59 --> syntax error, unexpected '<', expecting end of file
#0 C:\laragon\www\ci4\system\View\View.php(213): CodeIgniter\View\View->CodeIgniter\View\{closure}()
#1 C:\laragon\www\ci4\system\View\View.php(226): CodeIgniter\View\View->render('homes', Array, true)
#2 C:\laragon\www\ci4\system\Common.php(1089): CodeIgniter\View\View->render('template', Array, true)
#3 C:\laragon\www\ci4\app\Controllers\Home.php(21): view('template', Array)
#4 C:\laragon\www\ci4\system\CodeIgniter.php(832): App\Controllers\Home->index()
#5 C:\laragon\www\ci4\system\CodeIgniter.php(419): CodeIgniter\CodeIgniter->runController(Object(App\Controllers\Home))
#6 C:\laragon\www\ci4\system\CodeIgniter.php(326): CodeIgniter\CodeIgniter->handleRequest(NULL, Object(Config\Cache), false)
#7 C:\laragon\www\ci4\public\index.php(37): CodeIgniter\CodeIgniter->run()
#8 C:\laragon\www\ci4\system\Commands\Server\rewrite.php(43): require_once('C:\\laragon\\www\\...')
#9 {main}
CRITICAL - 2022-04-03 02:43:59 --> syntax error, unexpected '<', expecting end of file
#0 C:\laragon\www\ci4\system\View\View.php(213): CodeIgniter\View\View->CodeIgniter\View\{closure}()
#1 C:\laragon\www\ci4\system\View\View.php(226): CodeIgniter\View\View->render('homes', Array, true)
#2 C:\laragon\www\ci4\system\Common.php(1089): CodeIgniter\View\View->render('template', Array, true)
#3 C:\laragon\www\ci4\app\Controllers\Home.php(21): view('template', Array)
#4 C:\laragon\www\ci4\system\CodeIgniter.php(832): App\Controllers\Home->index()
#5 C:\laragon\www\ci4\system\CodeIgniter.php(419): CodeIgniter\CodeIgniter->runController(Object(App\Controllers\Home))
#6 C:\laragon\www\ci4\system\CodeIgniter.php(326): CodeIgniter\CodeIgniter->handleRequest(NULL, Object(Config\Cache), false)
#7 C:\laragon\www\ci4\public\index.php(37): CodeIgniter\CodeIgniter->run()
#8 C:\laragon\www\ci4\system\Commands\Server\rewrite.php(43): require_once('C:\\laragon\\www\\...')
#9 {main}
CRITICAL - 2022-04-03 02:44:22 --> syntax error, unexpected '<', expecting end of file
#0 C:\laragon\www\ci4\system\View\View.php(213): CodeIgniter\View\View->CodeIgniter\View\{closure}()
#1 C:\laragon\www\ci4\system\View\View.php(226): CodeIgniter\View\View->render('homes', Array, true)
#2 C:\laragon\www\ci4\system\Common.php(1089): CodeIgniter\View\View->render('template', Array, true)
#3 C:\laragon\www\ci4\app\Controllers\Home.php(21): view('template', Array)
#4 C:\laragon\www\ci4\system\CodeIgniter.php(832): App\Controllers\Home->index()
#5 C:\laragon\www\ci4\system\CodeIgniter.php(419): CodeIgniter\CodeIgniter->runController(Object(App\Controllers\Home))
#6 C:\laragon\www\ci4\system\CodeIgniter.php(326): CodeIgniter\CodeIgniter->handleRequest(NULL, Object(Config\Cache), false)
#7 C:\laragon\www\ci4\public\index.php(37): CodeIgniter\CodeIgniter->run()
#8 C:\laragon\www\ci4\system\Commands\Server\rewrite.php(43): require_once('C:\\laragon\\www\\...')
#9 {main}
CRITICAL - 2022-04-03 02:44:24 --> syntax error, unexpected '<', expecting end of file
#0 C:\laragon\www\ci4\system\View\View.php(213): CodeIgniter\View\View->CodeIgniter\View\{closure}()
#1 C:\laragon\www\ci4\system\View\View.php(226): CodeIgniter\View\View->render('homes', Array, true)
#2 C:\laragon\www\ci4\system\Common.php(1089): CodeIgniter\View\View->render('template', Array, true)
#3 C:\laragon\www\ci4\app\Controllers\Home.php(21): view('template', Array)
#4 C:\laragon\www\ci4\system\CodeIgniter.php(832): App\Controllers\Home->index()
#5 C:\laragon\www\ci4\system\CodeIgniter.php(419): CodeIgniter\CodeIgniter->runController(Object(App\Controllers\Home))
#6 C:\laragon\www\ci4\system\CodeIgniter.php(326): CodeIgniter\CodeIgniter->handleRequest(NULL, Object(Config\Cache), false)
#7 C:\laragon\www\ci4\public\index.php(37): CodeIgniter\CodeIgniter->run()
#8 C:\laragon\www\ci4\system\Commands\Server\rewrite.php(43): require_once('C:\\laragon\\www\\...')
#9 {main}
CRITICAL - 2022-04-03 02:44:24 --> syntax error, unexpected '<', expecting end of file
#0 C:\laragon\www\ci4\system\View\View.php(213): CodeIgniter\View\View->CodeIgniter\View\{closure}()
#1 C:\laragon\www\ci4\system\View\View.php(226): CodeIgniter\View\View->render('homes', Array, true)
#2 C:\laragon\www\ci4\system\Common.php(1089): CodeIgniter\View\View->render('template', Array, true)
#3 C:\laragon\www\ci4\app\Controllers\Home.php(21): view('template', Array)
#4 C:\laragon\www\ci4\system\CodeIgniter.php(832): App\Controllers\Home->index()
#5 C:\laragon\www\ci4\system\CodeIgniter.php(419): CodeIgniter\CodeIgniter->runController(Object(App\Controllers\Home))
#6 C:\laragon\www\ci4\system\CodeIgniter.php(326): CodeIgniter\CodeIgniter->handleRequest(NULL, Object(Config\Cache), false)
#7 C:\laragon\www\ci4\public\index.php(37): CodeIgniter\CodeIgniter->run()
#8 C:\laragon\www\ci4\system\Commands\Server\rewrite.php(43): require_once('C:\\laragon\\www\\...')
#9 {main}
